

================================================================
== Vivado HLS Report for 'ActivateNetwork'
================================================================
* Date:           Fri Mar 20 22:28:09 2020

* Version:        2018.3 (Build 2405991 on Thu Dec 06 23:56:15 MST 2018)
* Project:        ER_lenet
* Solution:       Pipeline0
* Product family: kintex7
* Target device:  xc7k160tfbg484-1


================================================================
== Performance Estimates
================================================================
+ Timing (ns): 
    * Summary: 
    +--------+-------+----------+------------+
    |  Clock | Target| Estimated| Uncertainty|
    +--------+-------+----------+------------+
    |ap_clk  |  10.00|     8.612|        1.25|
    +--------+-------+----------+------------+

+ Latency (clock cycles): 
    * Summary: 
    +--------+--------+--------+--------+---------+
    |     Latency     |     Interval    | Pipeline|
    |   min  |   max  |   min  |   max  |   Type  |
    +--------+--------+--------+--------+---------+
    |  913947|  913947|  913947|  913947|   none  |
    +--------+--------+--------+--------+---------+

    + Detail: 
        * Instance: 
        +-------------------------------+--------------------+--------+--------+--------+--------+---------+
        |                               |                    |     Latency     |     Interval    | Pipeline|
        |            Instance           |       Module       |   min  |   max  |   min  |   max  |   Type  |
        +-------------------------------+--------------------+--------+--------+--------+--------+---------+
        |grp_dense_layer2_fu_70         |dense_layer2        |   10419|   10419|   10419|   10419|   none  |
        |grp_dense_layer3_fu_79         |dense_layer3        |     242|     242|     242|     242|   none  |
        |grp_conv_layer2_fu_89          |conv_layer2         |  612001|  612001|  612001|  612001|   none  |
        |grp_conv_layer1_fu_99          |conv_layer1         |  217111|  217111|  217111|  217111|   none  |
        |grp_avg_pooling_layer2_fu_111  |avg_pooling_layer2  |    1156|    1156|    1156|    1156|   none  |
        |grp_avg_pooling_layer1_fu_117  |avg_pooling_layer1  |    2704|    2704|    2704|    2704|   none  |
        |grp_dense_layer1_fu_123        |dense_layer1        |   69721|   69721|   69721|   69721|   none  |
        |grp_flattening_layer_fu_133    |flattening_layer    |     579|     579|     579|     579|   none  |
        +-------------------------------+--------------------+--------+--------+--------+--------+---------+

        * Loop: 
        N/A



================================================================
== Utilization Estimates
================================================================
* Summary: 
+-----------------+---------+-------+--------+--------+
|       Name      | BRAM_18K| DSP48E|   FF   |   LUT  |
+-----------------+---------+-------+--------+--------+
|DSP              |        -|      -|       -|       -|
|Expression       |        -|      -|       -|       -|
|FIFO             |        -|      -|       -|       -|
|Instance         |       79|      0|   25481|   65048|
|Memory           |        9|      -|      14|      14|
|Multiplexer      |        -|      -|       -|     317|
|Register         |        -|      -|     695|       -|
+-----------------+---------+-------+--------+--------+
|Total            |       88|      0|   26190|   65379|
+-----------------+---------+-------+--------+--------+
|Available        |      650|    600|  202800|  101400|
+-----------------+---------+-------+--------+--------+
|Utilization (%)  |       13|      0|      12|      64|
+-----------------+---------+-------+--------+--------+

+ Detail: 
    * Instance: 
    +-------------------------------+--------------------+---------+-------+-------+-------+
    |            Instance           |       Module       | BRAM_18K| DSP48E|   FF  |  LUT  |
    +-------------------------------+--------------------+---------+-------+-------+-------+
    |grp_avg_pooling_layer1_fu_117  |avg_pooling_layer1  |        0|      0|    174|    752|
    |grp_avg_pooling_layer2_fu_111  |avg_pooling_layer2  |        0|      0|    175|    826|
    |grp_conv_layer1_fu_99          |conv_layer1         |        0|      0|    214|   1036|
    |grp_conv_layer2_fu_89          |conv_layer2         |        1|      0|    302|   1412|
    |grp_dense_layer1_fu_123        |dense_layer1        |       32|      0|     74|    370|
    |grp_dense_layer2_fu_70         |dense_layer2        |        4|      0|  22983|  38158|
    |grp_dense_layer3_fu_79         |dense_layer3        |       42|      0|   1489|  22085|
    |grp_flattening_layer_fu_133    |flattening_layer    |        0|      0|     70|    409|
    +-------------------------------+--------------------+---------+-------+-------+-------+
    |Total                          |                    |       79|      0|  25481|  65048|
    +-------------------------------+--------------------+---------+-------+-------+-------+

    * DSP48: 
    N/A

    * Memory: 
    +-------------+---------------------------+---------+----+----+------+-----+------+-------------+
    |    Memory   |           Module          | BRAM_18K| FF | LUT| Words| Bits| Banks| W*Bits*Banks|
    +-------------+---------------------------+---------+----+----+------+-----+------+-------------+
    |output1_V_U  |ActivateNetwork_output1_V  |        4|   0|   0|  5400|    8|     1|        43200|
    |output2_V_U  |ActivateNetwork_output2_V  |        1|   0|   0|  1350|    9|     1|        12150|
    |output3_V_U  |ActivateNetwork_output3_V  |        2|   0|   0|  2704|    8|     1|        21632|
    |output4_V_U  |ActivateNetwork_output4_V  |        1|   0|   0|   576|    8|     1|         4608|
    |output5_V_U  |ActivateNetwork_output4_V  |        1|   0|   0|   576|    8|     1|         4608|
    |output6_V_U  |ActivateNetwork_output6_V  |        0|  14|  14|   120|    7|     1|          840|
    +-------------+---------------------------+---------+----+----+------+-----+------+-------------+
    |Total        |                           |        9|  14|  14| 10726|   48|     6|        87038|
    +-------------+---------------------------+---------+----+----+------+-----+------+-------------+

    * FIFO: 
    N/A

    * Expression: 
    N/A

    * Multiplexer: 
    +--------------------+----+-----------+-----+-----------+
    |        Name        | LUT| Input Size| Bits| Total Bits|
    +--------------------+----+-----------+-----+-----------+
    |ap_NS_fsm           |  65|         16|    1|         16|
    |output1_V_address0  |  15|          3|   13|         39|
    |output1_V_ce0       |  15|          3|    1|          3|
    |output1_V_ce1       |   9|          2|    1|          2|
    |output1_V_we0       |   9|          2|    1|          2|
    |output2_V_address0  |  15|          3|   11|         33|
    |output2_V_ce0       |  15|          3|    1|          3|
    |output2_V_we0       |   9|          2|    1|          2|
    |output3_V_address0  |  15|          3|   12|         36|
    |output3_V_ce0       |  15|          3|    1|          3|
    |output3_V_ce1       |   9|          2|    1|          2|
    |output3_V_we0       |   9|          2|    1|          2|
    |output4_V_address0  |  15|          3|   10|         30|
    |output4_V_ce0       |  15|          3|    1|          3|
    |output4_V_we0       |   9|          2|    1|          2|
    |output5_V_address0  |  15|          3|   10|         30|
    |output5_V_ce0       |  15|          3|    1|          3|
    |output5_V_we0       |   9|          2|    1|          2|
    |output6_V_address0  |  15|          3|    7|         21|
    |output6_V_ce0       |  15|          3|    1|          3|
    |output6_V_we0       |   9|          2|    1|          2|
    +--------------------+----+-----------+-----+-----------+
    |Total               | 317|         68|   78|        239|
    +--------------------+----+-----------+-----+-----------+

    * Register: 
    +--------------------------------------------+-----+----+-----+-----------+
    |                    Name                    |  FF | LUT| Bits| Const Bits|
    +--------------------------------------------+-----+----+-----+-----------+
    |ap_CS_fsm                                   |   15|   0|   15|          0|
    |grp_avg_pooling_layer1_fu_117_ap_start_reg  |    1|   0|    1|          0|
    |grp_avg_pooling_layer2_fu_111_ap_start_reg  |    1|   0|    1|          0|
    |grp_conv_layer1_fu_99_ap_start_reg          |    1|   0|    1|          0|
    |grp_conv_layer2_fu_89_ap_start_reg          |    1|   0|    1|          0|
    |grp_dense_layer1_fu_123_ap_start_reg        |    1|   0|    1|          0|
    |grp_dense_layer2_fu_70_ap_start_reg         |    1|   0|    1|          0|
    |grp_dense_layer3_fu_79_ap_start_reg         |    1|   0|    1|          0|
    |grp_flattening_layer_fu_133_ap_start_reg    |    1|   0|    1|          0|
    |output7_0_V_reg_149                         |  336|   0|  336|          0|
    |output7_1_V_reg_154                         |  336|   0|  336|          0|
    +--------------------------------------------+-----+----+-----+-----------+
    |Total                                       |  695|   0|  695|          0|
    +--------------------------------------------+-----+----+-----+-----------+



================================================================
== Interface
================================================================
* Summary: 
+------------------------+-----+-----+------------+-----------------+--------------+
|        RTL Ports       | Dir | Bits|  Protocol  |  Source Object  |    C Type    |
+------------------------+-----+-----+------------+-----------------+--------------+
|ap_clk                  |  in |    1| ap_ctrl_hs | ActivateNetwork | return value |
|ap_rst                  |  in |    1| ap_ctrl_hs | ActivateNetwork | return value |
|ap_start                |  in |    1| ap_ctrl_hs | ActivateNetwork | return value |
|ap_done                 | out |    1| ap_ctrl_hs | ActivateNetwork | return value |
|ap_idle                 | out |    1| ap_ctrl_hs | ActivateNetwork | return value |
|ap_ready                | out |    1| ap_ctrl_hs | ActivateNetwork | return value |
|input_image_V_address0  | out |   10|  ap_memory |  input_image_V  |     array    |
|input_image_V_ce0       | out |    1|  ap_memory |  input_image_V  |     array    |
|input_image_V_q0        |  in |    8|  ap_memory |  input_image_V  |     array    |
|output8_V_address0      | out |    4|  ap_memory |    output8_V    |     array    |
|output8_V_ce0           | out |    1|  ap_memory |    output8_V    |     array    |
|output8_V_we0           | out |    1|  ap_memory |    output8_V    |     array    |
|output8_V_d0            | out |   10|  ap_memory |    output8_V    |     array    |
+------------------------+-----+-----+------------+-----------------+--------------+

