

================================================================
== Vivado HLS Report for 'ActivateNetwork'
================================================================
* Date:           Fri Mar 20 20:39:57 2020

* Version:        2018.3 (Build 2405991 on Thu Dec 06 23:56:15 MST 2018)
* Project:        ER_lenet
* Solution:       Pipeline1
* Product family: kintex7
* Target device:  xc7k160tfbg484-1


================================================================
== Performance Estimates
================================================================
+ Timing (ns): 
    * Summary: 
    +--------+-------+----------+------------+
    |  Clock | Target| Estimated| Uncertainty|
    +--------+-------+----------+------------+
    |ap_clk  |  10.00|     8.728|        1.25|
    +--------+-------+----------+------------+

+ Latency (clock cycles): 
    * Summary: 
    +--------+--------+--------+--------+---------+
    |     Latency     |     Interval    | Pipeline|
    |   min  |   max  |   min  |   max  |   Type  |
    +--------+--------+--------+--------+---------+
    |  874036|  874036|  874036|  874036|   none  |
    +--------+--------+--------+--------+---------+

    + Detail: 
        * Instance: 
        +-------------------------------+--------------------+--------+--------+--------+--------+---------+
        |                               |                    |     Latency     |     Interval    | Pipeline|
        |            Instance           |       Module       |   min  |   max  |   min  |   max  |   Type  |
        +-------------------------------+--------------------+--------+--------+--------+--------+---------+
        |grp_dense_layer1_fu_74         |dense_layer1        |   34801|   34801|   34801|   34801|   none  |
        |grp_dense_layer2_fu_84         |dense_layer2        |    5044|    5044|    5044|    5044|   none  |
        |grp_dense_layer3_fu_94         |dense_layer3        |     625|     625|     625|     625|   none  |
        |grp_conv_layer2_fu_103         |conv_layer2         |  612001|  612001|  612001|  612001|   none  |
        |grp_conv_layer1_fu_113         |conv_layer1         |  217111|  217111|  217111|  217111|   none  |
        |grp_avg_pooling_layer2_fu_125  |avg_pooling_layer2  |    1156|    1156|    1156|    1156|   none  |
        |grp_avg_pooling_layer1_fu_131  |avg_pooling_layer1  |    2704|    2704|    2704|    2704|   none  |
        |grp_flattening_layer_fu_137    |flattening_layer    |     579|     579|     579|     579|   none  |
        +-------------------------------+--------------------+--------+--------+--------+--------+---------+

        * Loop: 
        N/A



================================================================
== Utilization Estimates
================================================================
* Summary: 
+-----------------+---------+-------+--------+--------+
|       Name      | BRAM_18K| DSP48E|   FF   |   LUT  |
+-----------------+---------+-------+--------+--------+
|DSP              |        -|      -|       -|       -|
|Expression       |        -|      -|       -|       -|
|FIFO             |        -|      -|       -|       -|
|Instance         |      102|      0|    9299|  149267|
|Memory           |        9|      -|      28|      24|
|Multiplexer      |        -|      -|       -|     403|
|Register         |        -|      -|      24|       -|
+-----------------+---------+-------+--------+--------+
|Total            |      111|      0|    9351|  149694|
+-----------------+---------+-------+--------+--------+
|Available        |      650|    600|  202800|  101400|
+-----------------+---------+-------+--------+--------+
|Utilization (%)  |       17|      0|       4|     147|
+-----------------+---------+-------+--------+--------+

+ Detail: 
    * Instance: 
    +-------------------------------+--------------------+---------+-------+------+--------+
    |            Instance           |       Module       | BRAM_18K| DSP48E|  FF  |   LUT  |
    +-------------------------------+--------------------+---------+-------+------+--------+
    |grp_avg_pooling_layer1_fu_131  |avg_pooling_layer1  |        0|      0|   174|     734|
    |grp_avg_pooling_layer2_fu_125  |avg_pooling_layer2  |        0|      0|   175|     808|
    |grp_conv_layer1_fu_113         |conv_layer1         |        0|      0|   214|    1036|
    |grp_conv_layer2_fu_103         |conv_layer2         |        1|      0|   302|    1412|
    |grp_dense_layer1_fu_74         |dense_layer1        |       96|      0|  5545|  101684|
    |grp_dense_layer2_fu_84         |dense_layer2        |        4|      0|  1548|   21876|
    |grp_dense_layer3_fu_94         |dense_layer3        |        1|      0|  1271|   21314|
    |grp_flattening_layer_fu_137    |flattening_layer    |        0|      0|    70|     403|
    +-------------------------------+--------------------+---------+-------+------+--------+
    |Total                          |                    |      102|      0|  9299|  149267|
    +-------------------------------+--------------------+---------+-------+------+--------+

    * DSP48: 
    N/A

    * Memory: 
    +-------------+---------------------------+---------+----+----+------+-----+------+-------------+
    |    Memory   |           Module          | BRAM_18K| FF | LUT| Words| Bits| Banks| W*Bits*Banks|
    +-------------+---------------------------+---------+----+----+------+-----+------+-------------+
    |output1_V_U  |ActivateNetwork_output1_V  |        4|   0|   0|  5400|    8|     1|        43200|
    |output2_V_U  |ActivateNetwork_output2_V  |        1|   0|   0|  1350|    9|     1|        12150|
    |output3_V_U  |ActivateNetwork_output3_V  |        2|   0|   0|  2704|    8|     1|        21632|
    |output4_V_U  |ActivateNetwork_output4_V  |        1|   0|   0|   576|    8|     1|         4608|
    |output5_V_U  |ActivateNetwork_output5_V  |        1|   0|   0|   576|    8|     1|         4608|
    |output6_V_U  |ActivateNetwork_output6_V  |        0|  14|  14|   120|    7|     1|          840|
    |output7_V_U  |ActivateNetwork_output7_V  |        0|  14|  10|    84|    7|     1|          588|
    +-------------+---------------------------+---------+----+----+------+-----+------+-------------+
    |Total        |                           |        9|  28|  24| 10810|   55|     7|        87626|
    +-------------+---------------------------+---------+----+----+------+-----+------+-------------+

    * FIFO: 
    N/A

    * Expression: 
    N/A

    * Multiplexer: 
    +--------------------+----+-----------+-----+-----------+
    |        Name        | LUT| Input Size| Bits| Total Bits|
    +--------------------+----+-----------+-----+-----------+
    |ap_NS_fsm           |  85|         17|    1|         17|
    |output1_V_address0  |  15|          3|   13|         39|
    |output1_V_ce0       |  15|          3|    1|          3|
    |output1_V_ce1       |   9|          2|    1|          2|
    |output1_V_we0       |   9|          2|    1|          2|
    |output2_V_address0  |  15|          3|   11|         33|
    |output2_V_ce0       |  15|          3|    1|          3|
    |output2_V_we0       |   9|          2|    1|          2|
    |output3_V_address0  |  15|          3|   12|         36|
    |output3_V_ce0       |  15|          3|    1|          3|
    |output3_V_ce1       |   9|          2|    1|          2|
    |output3_V_we0       |   9|          2|    1|          2|
    |output4_V_address0  |  15|          3|   10|         30|
    |output4_V_ce0       |  15|          3|    1|          3|
    |output4_V_we0       |   9|          2|    1|          2|
    |output5_V_address0  |  15|          3|   10|         30|
    |output5_V_ce0       |  15|          3|    1|          3|
    |output5_V_ce1       |   9|          2|    1|          2|
    |output5_V_we0       |   9|          2|    1|          2|
    |output6_V_address0  |  15|          3|    7|         21|
    |output6_V_ce0       |  15|          3|    1|          3|
    |output6_V_ce1       |   9|          2|    1|          2|
    |output6_V_we0       |   9|          2|    1|          2|
    |output7_V_address0  |  15|          3|    7|         21|
    |output7_V_ce0       |  15|          3|    1|          3|
    |output7_V_ce1       |   9|          2|    1|          2|
    |output7_V_we0       |   9|          2|    1|          2|
    +--------------------+----+-----------+-----+-----------+
    |Total               | 403|         83|   90|        272|
    +--------------------+----+-----------+-----+-----------+

    * Register: 
    +--------------------------------------------+----+----+-----+-----------+
    |                    Name                    | FF | LUT| Bits| Const Bits|
    +--------------------------------------------+----+----+-----+-----------+
    |ap_CS_fsm                                   |  16|   0|   16|          0|
    |grp_avg_pooling_layer1_fu_131_ap_start_reg  |   1|   0|    1|          0|
    |grp_avg_pooling_layer2_fu_125_ap_start_reg  |   1|   0|    1|          0|
    |grp_conv_layer1_fu_113_ap_start_reg         |   1|   0|    1|          0|
    |grp_conv_layer2_fu_103_ap_start_reg         |   1|   0|    1|          0|
    |grp_dense_layer1_fu_74_ap_start_reg         |   1|   0|    1|          0|
    |grp_dense_layer2_fu_84_ap_start_reg         |   1|   0|    1|          0|
    |grp_dense_layer3_fu_94_ap_start_reg         |   1|   0|    1|          0|
    |grp_flattening_layer_fu_137_ap_start_reg    |   1|   0|    1|          0|
    +--------------------------------------------+----+----+-----+-----------+
    |Total                                       |  24|   0|   24|          0|
    +--------------------------------------------+----+----+-----+-----------+



================================================================
== Interface
================================================================
* Summary: 
+------------------------+-----+-----+------------+-----------------+--------------+
|        RTL Ports       | Dir | Bits|  Protocol  |  Source Object  |    C Type    |
+------------------------+-----+-----+------------+-----------------+--------------+
|ap_clk                  |  in |    1| ap_ctrl_hs | ActivateNetwork | return value |
|ap_rst                  |  in |    1| ap_ctrl_hs | ActivateNetwork | return value |
|ap_start                |  in |    1| ap_ctrl_hs | ActivateNetwork | return value |
|ap_done                 | out |    1| ap_ctrl_hs | ActivateNetwork | return value |
|ap_idle                 | out |    1| ap_ctrl_hs | ActivateNetwork | return value |
|ap_ready                | out |    1| ap_ctrl_hs | ActivateNetwork | return value |
|input_image_V_address0  | out |   10|  ap_memory |  input_image_V  |     array    |
|input_image_V_ce0       | out |    1|  ap_memory |  input_image_V  |     array    |
|input_image_V_q0        |  in |    8|  ap_memory |  input_image_V  |     array    |
|output8_V_address0      | out |    4|  ap_memory |    output8_V    |     array    |
|output8_V_ce0           | out |    1|  ap_memory |    output8_V    |     array    |
|output8_V_we0           | out |    1|  ap_memory |    output8_V    |     array    |
|output8_V_d0            | out |   10|  ap_memory |    output8_V    |     array    |
+------------------------+-----+-----+------------+-----------------+--------------+

