

================================================================
== Vivado HLS Report for 'avg_pooling_layer1'
================================================================
* Date:           Mon Mar 30 23:46:24 2020

* Version:        2018.3 (Build 2405991 on Thu Dec 06 23:56:15 MST 2018)
* Project:        ER_lenet
* Solution:       Pipeline_Unroll1
* Product family: kintex7
* Target device:  xc7k160tfbg484-1


================================================================
== Performance Estimates
================================================================
+ Timing (ns): 
    * Summary: 
    +--------+-------+----------+------------+
    |  Clock | Target| Estimated| Uncertainty|
    +--------+-------+----------+------------+
    |ap_clk  |  10.00|     8.522|        1.25|
    +--------+-------+----------+------------+

+ Latency (clock cycles): 
    * Summary: 
    +------+------+------+------+---------+
    |   Latency   |   Interval  | Pipeline|
    |  min |  max |  min |  max |   Type  |
    +------+------+------+------+---------+
    |  1354|  1354|  1354|  1354|   none  |
    +------+------+------+------+---------+

    + Detail: 
        * Instance: 
        N/A

        * Loop: 
        +---------------------------------------------------------------------------------+------+------+----------+-----------+-----------+------+----------+
        |                                                                                 |   Latency   | Iteration|  Initiation Interval  | Trip |          |
        |                                    Loop Name                                    |  min |  max |  Latency |  achieved |   target  | Count| Pipelined|
        +---------------------------------------------------------------------------------+------+------+----------+-----------+-----------+------+----------+
        |- avg_pooling_layer1_0_loop_avg_pooling_layer1_1_loop_avg_pooling_layer1_2_loop  |  1352|  1352|         4|          1|          1|  1350|    yes   |
        +---------------------------------------------------------------------------------+------+------+----------+-----------+-----------+------+----------+



================================================================
== Utilization Estimates
================================================================
* Summary: 
+-----------------+---------+-------+--------+--------+
|       Name      | BRAM_18K| DSP48E|   FF   |   LUT  |
+-----------------+---------+-------+--------+--------+
|DSP              |        -|      -|       -|       -|
|Expression       |        -|      -|       0|     514|
|FIFO             |        -|      -|       -|       -|
|Instance         |        -|      -|       -|       -|
|Memory           |        -|      -|       -|       -|
|Multiplexer      |        -|      -|       -|     102|
|Register         |        0|      -|     416|     160|
+-----------------+---------+-------+--------+--------+
|Total            |        0|      0|     416|     776|
+-----------------+---------+-------+--------+--------+
|Available        |      650|    600|  202800|  101400|
+-----------------+---------+-------+--------+--------+
|Utilization (%)  |        0|      0|   ~0   |   ~0   |
+-----------------+---------+-------+--------+--------+

+ Detail: 
    * Instance: 
    N/A

    * DSP48: 
    N/A

    * Memory: 
    N/A

    * FIFO: 
    N/A

    * Expression: 
    +--------------------------------+----------+-------+---+----+------------+------------+
    |          Variable Name         | Operation| DSP48E| FF| LUT| Bitwidth P0| Bitwidth P1|
    +--------------------------------+----------+-------+---+----+------------+------------+
    |fmap_2_fu_246_p2                |     +    |      0|  0|  12|           1|           3|
    |height_2_fu_328_p2              |     +    |      0|  0|  15|           2|           5|
    |indvar_flatten_next5_fu_240_p2  |     +    |      0|  0|  18|          11|           1|
    |indvar_flatten_op_fu_416_p2     |     +    |      0|  0|  15|           8|           1|
    |p_Val2_44_fu_656_p2             |     +    |      0|  0|  11|           9|           9|
    |ret_V_6_fu_612_p2               |     +    |      0|  0|  11|          10|          10|
    |ret_V_7_fu_636_p2               |     +    |      0|  0|  11|          10|          10|
    |ret_V_fu_590_p2                 |     +    |      0|  0|  16|           9|           9|
    |tmp1_fu_650_p2                  |     +    |      0|  0|  11|           9|           9|
    |tmp_180_fu_364_p2               |     +    |      0|  0|  16|           9|           9|
    |tmp_182_fu_471_p2               |     +    |      0|  0|  17|          10|          10|
    |tmp_184_fu_515_p2               |     +    |      0|  0|  17|          10|          10|
    |tmp_186_fu_546_p2               |     +    |      0|  0|  11|          13|          13|
    |tmp_187_fu_557_p2               |     +    |      0|  0|  11|          13|          13|
    |tmp_190_fu_838_p2               |     +    |      0|  0|  11|          11|          11|
    |width_2_fu_410_p2               |     +    |      0|  0|  15|           5|           2|
    |p_neg_fu_770_p2                 |     -    |      0|  0|  17|           1|          10|
    |p_neg_t_fu_790_p2               |     -    |      0|  0|  16|           1|           9|
    |tmp_176_fu_452_p2               |     -    |      0|  0|  16|           9|           9|
    |tmp_178_fu_298_p2               |     -    |      0|  0|  15|           8|           8|
    |tmp_181_fu_688_p2               |     -    |      0|  0|  11|          11|          11|
    |tmp_183_fu_493_p2               |     -    |      0|  0|  11|          13|          13|
    |tmp_185_fu_537_p2               |     -    |      0|  0|  11|          13|          13|
    |brmerge26_demorgan_fu_709_p2    |    and   |      0|  0|   6|           1|           1|
    |overflow_fu_703_p2              |    and   |      0|  0|   6|           1|           1|
    |underflow_fu_719_p2             |    and   |      0|  0|   6|           1|           1|
    |exitcond_flatten5_fu_234_p2     |   icmp   |      0|  0|  13|          11|          11|
    |exitcond_flatten_fu_252_p2      |   icmp   |      0|  0|  11|           8|           6|
    |tmp_179_fu_316_p2               |   icmp   |      0|  0|  11|           5|           3|
    |brmerge23_fu_724_p2             |    or    |      0|  0|   6|           1|           1|
    |brmerge_fu_694_p2               |    or    |      0|  0|   6|           1|           1|
    |p_392_not_fu_730_p2             |    or    |      0|  0|   6|           1|           1|
    |tmp_44_fu_228_p2                |    or    |      0|  0|   6|           5|           1|
    |tmp_44_mid1_fu_499_p2           |    or    |      0|  0|   6|           5|           1|
    |tmp_46_mid_fu_322_p2            |    or    |      0|  0|   6|           1|           1|
    |height_mid_fu_258_p3            |  select  |      0|  0|   5|           1|           1|
    |indvar_flatten_next_fu_422_p3   |  select  |      0|  0|   8|           1|           1|
    |p_Val2_47_fu_750_p3             |  select  |      0|  0|   9|           1|           9|
    |p_mux_fu_736_p3                 |  select  |      0|  0|   9|           1|           8|
    |p_s_fu_743_p3                   |  select  |      0|  0|  10|           1|          10|
    |r_V_fu_814_p3                   |  select  |      0|  0|   9|           1|           9|
    |tmp_42_mid2_fu_352_p3           |  select  |      0|  0|   4|           1|           4|
    |tmp_42_mid_fu_308_p3            |  select  |      0|  0|   4|           1|           1|
    |tmp_43_mid2_fu_374_p3           |  select  |      0|  0|   5|           1|           5|
    |tmp_45_mid2_fu_504_p3           |  select  |      0|  0|   5|           1|           5|
    |tmp_45_mid_fu_462_p3            |  select  |      0|  0|   5|           1|           1|
    |tmp_mid2_v_fu_274_p3            |  select  |      0|  0|   3|           1|           3|
    |width_mid2_fu_334_p3            |  select  |      0|  0|   5|           1|           5|
    |width_mid_fu_266_p3             |  select  |      0|  0|   5|           1|           1|
    |ap_enable_pp0                   |    xor   |      0|  0|   6|           1|           2|
    |ap_enable_reg_pp0_iter1         |    xor   |      0|  0|   6|           2|           1|
    |brmerge22_fu_713_p2             |    xor   |      0|  0|   6|           1|           2|
    |tmp_47_fu_698_p2                |    xor   |      0|  0|   6|           1|           2|
    +--------------------------------+----------+-------+---+----+------------+------------+
    |Total                           |          |      0|  0| 514|         256|         297|
    +--------------------------------+----------+-------+---+----+------------+------------+

    * Multiplexer: 
    +---------------------------------+----+-----------+-----+-----------+
    |               Name              | LUT| Input Size| Bits| Total Bits|
    +---------------------------------+----+-----------+-----+-----------+
    |ap_NS_fsm                        |  21|          4|    1|          4|
    |ap_enable_reg_pp0_iter1          |   9|          2|    1|          2|
    |ap_enable_reg_pp0_iter3          |   9|          2|    1|          2|
    |ap_phi_mux_fmap_phi_fu_178_p4    |   9|          2|    3|          6|
    |ap_phi_mux_height_phi_fu_200_p4  |   9|          2|    5|         10|
    |fmap_reg_174                     |   9|          2|    3|          6|
    |height_reg_196                   |   9|          2|    5|         10|
    |indvar_flatten5_reg_163          |   9|          2|   11|         22|
    |indvar_flatten_reg_185           |   9|          2|    8|         16|
    |width_reg_207                    |   9|          2|    5|         10|
    +---------------------------------+----+-----------+-----+-----------+
    |Total                            | 102|         22|   43|         88|
    +---------------------------------+----+-----------+-----+-----------+

    * Register: 
    +---------------------------+----+----+-----+-----------+
    |            Name           | FF | LUT| Bits| Const Bits|
    +---------------------------+----+----+-----+-----------+
    |ap_CS_fsm                  |   3|   0|    3|          0|
    |ap_enable_reg_pp0_iter0    |   1|   0|    1|          0|
    |ap_enable_reg_pp0_iter1    |   1|   0|    1|          0|
    |ap_enable_reg_pp0_iter2    |   1|   0|    1|          0|
    |ap_enable_reg_pp0_iter3    |   1|   0|    1|          0|
    |exitcond_flatten5_reg_854  |   1|   0|    1|          0|
    |exitcond_flatten_reg_863   |   1|   0|    1|          0|
    |fmap_reg_174               |   3|   0|    3|          0|
    |height_2_reg_880           |   5|   0|    5|          0|
    |height_reg_196             |   5|   0|    5|          0|
    |indvar_flatten5_reg_163    |  11|   0|   11|          0|
    |indvar_flatten_reg_185     |   8|   0|    8|          0|
    |newIndex_reg_911           |   3|   0|    3|          0|
    |p_Result_16_reg_949        |   1|   0|    1|          0|
    |p_Result_s_reg_937         |   1|   0|    1|          0|
    |p_Val2_44_reg_943          |   9|   0|    9|          0|
    |tmp_180_reg_885            |   9|   0|    9|          0|
    |tmp_379_reg_891            |   8|   0|    8|          0|
    |tmp_382_reg_902            |   4|   0|    4|          0|
    |tmp_387_reg_955            |   1|   0|    1|          0|
    |tmp_389_reg_907            |   1|   0|    1|          0|
    |tmp_43_mid2_reg_896        |   5|   0|    5|          0|
    |tmp_44_reg_849             |   4|   0|    5|          1|
    |tmp_46_mid_reg_875         |   1|   0|    1|          0|
    |tmp_mid2_v_reg_868         |   3|   0|    3|          0|
    |width_reg_207              |   5|   0|    5|          0|
    |exitcond_flatten5_reg_854  |  64|  32|    1|          0|
    |newIndex_reg_911           |  64|  32|    3|          0|
    |tmp_180_reg_885            |  64|  32|    9|          0|
    |tmp_379_reg_891            |  64|  32|    8|          0|
    |tmp_389_reg_907            |  64|  32|    1|          0|
    +---------------------------+----+----+-----+-----------+
    |Total                      | 416| 160|  119|          1|
    +---------------------------+----+----+-----+-----------+



================================================================
== Interface
================================================================
* Summary: 
+---------------------+-----+-----+------------+--------------------+--------------+
|      RTL Ports      | Dir | Bits|  Protocol  |    Source Object   |    C Type    |
+---------------------+-----+-----+------------+--------------------+--------------+
|ap_clk               |  in |    1| ap_ctrl_hs | avg_pooling_layer1 | return value |
|ap_rst               |  in |    1| ap_ctrl_hs | avg_pooling_layer1 | return value |
|ap_start             |  in |    1| ap_ctrl_hs | avg_pooling_layer1 | return value |
|ap_done              | out |    1| ap_ctrl_hs | avg_pooling_layer1 | return value |
|ap_idle              | out |    1| ap_ctrl_hs | avg_pooling_layer1 | return value |
|ap_ready             | out |    1| ap_ctrl_hs | avg_pooling_layer1 | return value |
|input_V_address0     | out |   12|  ap_memory |       input_V      |     array    |
|input_V_ce0          | out |    1|  ap_memory |       input_V      |     array    |
|input_V_q0           |  in |   16|  ap_memory |       input_V      |     array    |
|input_V_address1     | out |   12|  ap_memory |       input_V      |     array    |
|input_V_ce1          | out |    1|  ap_memory |       input_V      |     array    |
|input_V_q1           |  in |   16|  ap_memory |       input_V      |     array    |
|output_0_V_address0  | out |   10|  ap_memory |     output_0_V     |     array    |
|output_0_V_ce0       | out |    1|  ap_memory |     output_0_V     |     array    |
|output_0_V_we0       | out |    1|  ap_memory |     output_0_V     |     array    |
|output_0_V_d0        | out |    9|  ap_memory |     output_0_V     |     array    |
|output_1_V_address0  | out |   10|  ap_memory |     output_1_V     |     array    |
|output_1_V_ce0       | out |    1|  ap_memory |     output_1_V     |     array    |
|output_1_V_we0       | out |    1|  ap_memory |     output_1_V     |     array    |
|output_1_V_d0        | out |    9|  ap_memory |     output_1_V     |     array    |
+---------------------+-----+-----+------------+--------------------+--------------+

