

================================================================
== Vivado HLS Report for 'avg_pooling_layer1'
================================================================
* Date:           Sat Mar 21 14:57:47 2020

* Version:        2018.3 (Build 2405991 on Thu Dec 06 23:56:15 MST 2018)
* Project:        ER_lenet
* Solution:       Pipeline2
* Product family: kintex7
* Target device:  xc7k160tfbg484-1


================================================================
== Performance Estimates
================================================================
+ Timing (ns): 
    * Summary: 
    +--------+-------+----------+------------+
    |  Clock | Target| Estimated| Uncertainty|
    +--------+-------+----------+------------+
    |ap_clk  |  10.00|     8.522|        1.25|
    +--------+-------+----------+------------+

+ Latency (clock cycles): 
    * Summary: 
    +------+------+------+------+---------+
    |   Latency   |   Interval  | Pipeline|
    |  min |  max |  min |  max |   Type  |
    +------+------+------+------+---------+
    |  1354|  1354|  1354|  1354|   none  |
    +------+------+------+------+---------+

    + Detail: 
        * Instance: 
        N/A

        * Loop: 
        +---------------------------------------------------------------------------------+------+------+----------+-----------+-----------+------+----------+
        |                                                                                 |   Latency   | Iteration|  Initiation Interval  | Trip |          |
        |                                    Loop Name                                    |  min |  max |  Latency |  achieved |   target  | Count| Pipelined|
        +---------------------------------------------------------------------------------+------+------+----------+-----------+-----------+------+----------+
        |- avg_pooling_layer1_0_loop_avg_pooling_layer1_1_loop_avg_pooling_layer1_2_loop  |  1352|  1352|         4|          1|          1|  1350|    yes   |
        +---------------------------------------------------------------------------------+------+------+----------+-----------+-----------+------+----------+



================================================================
== Utilization Estimates
================================================================
* Summary: 
+-----------------+---------+-------+--------+--------+
|       Name      | BRAM_18K| DSP48E|   FF   |   LUT  |
+-----------------+---------+-------+--------+--------+
|DSP              |        -|      -|       -|       -|
|Expression       |        -|      -|       0|     514|
|FIFO             |        -|      -|       -|       -|
|Instance         |        -|      -|       -|       -|
|Memory           |        -|      -|       -|       -|
|Multiplexer      |        -|      -|       -|     102|
|Register         |        0|      -|     215|      64|
+-----------------+---------+-------+--------+--------+
|Total            |        0|      0|     215|     680|
+-----------------+---------+-------+--------+--------+
|Available        |      650|    600|  202800|  101400|
+-----------------+---------+-------+--------+--------+
|Utilization (%)  |        0|      0|   ~0   |   ~0   |
+-----------------+---------+-------+--------+--------+

+ Detail: 
    * Instance: 
    N/A

    * DSP48: 
    N/A

    * Memory: 
    N/A

    * FIFO: 
    N/A

    * Expression: 
    +--------------------------------+----------+-------+---+----+------------+------------+
    |          Variable Name         | Operation| DSP48E| FF| LUT| Bitwidth P0| Bitwidth P1|
    +--------------------------------+----------+-------+---+----+------------+------------+
    |fmap_2_fu_246_p2                |     +    |      0|  0|  12|           1|           3|
    |height_2_fu_328_p2              |     +    |      0|  0|  15|           2|           5|
    |indvar_flatten_next3_fu_240_p2  |     +    |      0|  0|  18|          11|           1|
    |indvar_flatten_op_fu_426_p2     |     +    |      0|  0|  15|           1|           8|
    |p_Val2_53_fu_640_p2             |     +    |      0|  0|  11|           9|           9|
    |ret_V_7_fu_606_p2               |     +    |      0|  0|  11|          10|          10|
    |ret_V_8_fu_620_p2               |     +    |      0|  0|  11|          10|          10|
    |ret_V_fu_588_p2                 |     +    |      0|  0|  16|           9|           9|
    |tmp1_fu_634_p2                  |     +    |      0|  0|  11|           9|           9|
    |tmp_146_fu_364_p2               |     +    |      0|  0|  16|           9|           9|
    |tmp_149_fu_481_p2               |     +    |      0|  0|  17|          10|          10|
    |tmp_152_fu_525_p2               |     +    |      0|  0|  17|          10|          10|
    |tmp_155_fu_414_p2               |     +    |      0|  0|  11|          12|          12|
    |tmp_156_fu_556_p2               |     +    |      0|  0|  11|          13|          13|
    |tmp_157_fu_568_p2               |     +    |      0|  0|  11|          13|          13|
    |width_2_fu_420_p2               |     +    |      0|  0|  15|           2|           5|
    |p_neg_fu_742_p2                 |     -    |      0|  0|  17|           1|          10|
    |p_neg_t_fu_762_p2               |     -    |      0|  0|  16|           1|           9|
    |tmp_143_fu_462_p2               |     -    |      0|  0|  16|           9|           9|
    |tmp_145_fu_298_p2               |     -    |      0|  0|  15|           8|           8|
    |tmp_148_fu_386_p2               |     -    |      0|  0|  11|          12|          12|
    |tmp_151_fu_503_p2               |     -    |      0|  0|  11|          13|          13|
    |tmp_154_fu_547_p2               |     -    |      0|  0|  11|          13|          13|
    |brmerge31_demorgan_fu_681_p2    |    and   |      0|  0|   6|           1|           1|
    |overflow_fu_675_p2              |    and   |      0|  0|   6|           1|           1|
    |underflow_fu_691_p2             |    and   |      0|  0|   6|           1|           1|
    |exitcond_flatten3_fu_234_p2     |   icmp   |      0|  0|  13|          11|          11|
    |exitcond_flatten_fu_252_p2      |   icmp   |      0|  0|  11|           8|           6|
    |tmp_147_fu_316_p2               |   icmp   |      0|  0|  11|           5|           3|
    |brmerge24_fu_696_p2             |    or    |      0|  0|   6|           1|           1|
    |brmerge_fu_666_p2               |    or    |      0|  0|   6|           1|           1|
    |p_392_not_fu_702_p2             |    or    |      0|  0|   6|           1|           1|
    |tmp_73_fu_228_p2                |    or    |      0|  0|   6|           5|           1|
    |tmp_73_mid1_fu_509_p2           |    or    |      0|  0|   6|           5|           1|
    |tmp_75_mid_fu_322_p2            |    or    |      0|  0|   6|           1|           1|
    |height_mid_fu_258_p3            |  select  |      0|  0|   5|           1|           1|
    |indvar_flatten_next_fu_432_p3   |  select  |      0|  0|   8|           1|           1|
    |output_V_d0                     |  select  |      0|  0|   9|           1|           9|
    |p_Val2_56_fu_722_p3             |  select  |      0|  0|   9|           1|           9|
    |p_mux_fu_708_p3                 |  select  |      0|  0|   9|           1|           8|
    |p_s_fu_715_p3                   |  select  |      0|  0|  10|           1|          10|
    |tmp_71_mid2_fu_352_p3           |  select  |      0|  0|   4|           1|           4|
    |tmp_71_mid_fu_308_p3            |  select  |      0|  0|   4|           1|           1|
    |tmp_72_mid2_fu_392_p3           |  select  |      0|  0|   5|           1|           5|
    |tmp_74_mid2_fu_514_p3           |  select  |      0|  0|   5|           1|           5|
    |tmp_74_mid_fu_472_p3            |  select  |      0|  0|   5|           1|           1|
    |tmp_mid2_v_fu_274_p3            |  select  |      0|  0|   3|           1|           3|
    |width_mid2_fu_334_p3            |  select  |      0|  0|   5|           1|           5|
    |width_mid_fu_266_p3             |  select  |      0|  0|   5|           1|           1|
    |ap_enable_pp0                   |    xor   |      0|  0|   6|           1|           2|
    |ap_enable_reg_pp0_iter1         |    xor   |      0|  0|   6|           2|           1|
    |brmerge23_fu_685_p2             |    xor   |      0|  0|   6|           1|           2|
    |tmp_77_fu_670_p2                |    xor   |      0|  0|   6|           1|           2|
    +--------------------------------+----------+-------+---+----+------------+------------+
    |Total                           |          |      0|  0| 514|         248|         309|
    +--------------------------------+----------+-------+---+----+------------+------------+

    * Multiplexer: 
    +---------------------------------+----+-----------+-----+-----------+
    |               Name              | LUT| Input Size| Bits| Total Bits|
    +---------------------------------+----+-----------+-----+-----------+
    |ap_NS_fsm                        |  21|          4|    1|          4|
    |ap_enable_reg_pp0_iter1          |   9|          2|    1|          2|
    |ap_enable_reg_pp0_iter3          |   9|          2|    1|          2|
    |ap_phi_mux_fmap_phi_fu_178_p4    |   9|          2|    3|          6|
    |ap_phi_mux_height_phi_fu_200_p4  |   9|          2|    5|         10|
    |fmap_reg_174                     |   9|          2|    3|          6|
    |height_reg_196                   |   9|          2|    5|         10|
    |indvar_flatten3_reg_163          |   9|          2|   11|         22|
    |indvar_flatten_reg_185           |   9|          2|    8|         16|
    |width_reg_207                    |   9|          2|    5|         10|
    +---------------------------------+----+-----------+-----+-----------+
    |Total                            | 102|         22|   43|         88|
    +---------------------------------+----+-----------+-----+-----------+

    * Register: 
    +---------------------------+----+----+-----+-----------+
    |            Name           | FF | LUT| Bits| Const Bits|
    +---------------------------+----+----+-----+-----------+
    |ap_CS_fsm                  |   3|   0|    3|          0|
    |ap_enable_reg_pp0_iter0    |   1|   0|    1|          0|
    |ap_enable_reg_pp0_iter1    |   1|   0|    1|          0|
    |ap_enable_reg_pp0_iter2    |   1|   0|    1|          0|
    |ap_enable_reg_pp0_iter3    |   1|   0|    1|          0|
    |exitcond_flatten3_reg_800  |   1|   0|    1|          0|
    |exitcond_flatten_reg_809   |   1|   0|    1|          0|
    |fmap_reg_174               |   3|   0|    3|          0|
    |height_2_reg_826           |   5|   0|    5|          0|
    |height_reg_196             |   5|   0|    5|          0|
    |indvar_flatten3_reg_163    |  11|   0|   11|          0|
    |indvar_flatten_reg_185     |   8|   0|    8|          0|
    |p_Result_20_reg_889        |   1|   0|    1|          0|
    |p_Result_s_reg_877         |   1|   0|    1|          0|
    |p_Val2_53_reg_883          |   9|   0|    9|          0|
    |tmp_155_reg_842            |  12|   0|   12|          0|
    |tmp_160_reg_837            |   4|   0|    4|          0|
    |tmp_163_reg_895            |   1|   0|    1|          0|
    |tmp_72_mid2_reg_831        |   5|   0|    5|          0|
    |tmp_73_reg_795             |   4|   0|    5|          1|
    |tmp_75_mid_reg_821         |   1|   0|    1|          0|
    |tmp_mid2_v_reg_814         |   3|   0|    3|          0|
    |width_reg_207              |   5|   0|    5|          0|
    |exitcond_flatten3_reg_800  |  64|  32|    1|          0|
    |tmp_155_reg_842            |  64|  32|   12|          0|
    +---------------------------+----+----+-----+-----------+
    |Total                      | 215|  64|  101|          1|
    +---------------------------+----+----+-----+-----------+



================================================================
== Interface
================================================================
* Summary: 
+--------------------+-----+-----+------------+--------------------+--------------+
|      RTL Ports     | Dir | Bits|  Protocol  |    Source Object   |    C Type    |
+--------------------+-----+-----+------------+--------------------+--------------+
|ap_clk              |  in |    1| ap_ctrl_hs | avg_pooling_layer1 | return value |
|ap_rst              |  in |    1| ap_ctrl_hs | avg_pooling_layer1 | return value |
|ap_start            |  in |    1| ap_ctrl_hs | avg_pooling_layer1 | return value |
|ap_done             | out |    1| ap_ctrl_hs | avg_pooling_layer1 | return value |
|ap_idle             | out |    1| ap_ctrl_hs | avg_pooling_layer1 | return value |
|ap_ready            | out |    1| ap_ctrl_hs | avg_pooling_layer1 | return value |
|input_0_V_address0  | out |   12|  ap_memory |      input_0_V     |     array    |
|input_0_V_ce0       | out |    1|  ap_memory |      input_0_V     |     array    |
|input_0_V_q0        |  in |    8|  ap_memory |      input_0_V     |     array    |
|input_0_V_address1  | out |   12|  ap_memory |      input_0_V     |     array    |
|input_0_V_ce1       | out |    1|  ap_memory |      input_0_V     |     array    |
|input_0_V_q1        |  in |    8|  ap_memory |      input_0_V     |     array    |
|input_1_V_address0  | out |   12|  ap_memory |      input_1_V     |     array    |
|input_1_V_ce0       | out |    1|  ap_memory |      input_1_V     |     array    |
|input_1_V_q0        |  in |    8|  ap_memory |      input_1_V     |     array    |
|input_1_V_address1  | out |   12|  ap_memory |      input_1_V     |     array    |
|input_1_V_ce1       | out |    1|  ap_memory |      input_1_V     |     array    |
|input_1_V_q1        |  in |    8|  ap_memory |      input_1_V     |     array    |
|output_V_address0   | out |   11|  ap_memory |      output_V      |     array    |
|output_V_ce0        | out |    1|  ap_memory |      output_V      |     array    |
|output_V_we0        | out |    1|  ap_memory |      output_V      |     array    |
|output_V_d0         | out |    9|  ap_memory |      output_V      |     array    |
+--------------------+-----+-----+------------+--------------------+--------------+

