

================================================================
== Vivado HLS Report for 'dense_layer1'
================================================================
* Date:           Fri Apr 17 19:40:55 2020

* Version:        2018.3 (Build 2405991 on Thu Dec 06 23:56:15 MST 2018)
* Project:        ER_lenet
* Solution:       Pipeline_Unroll4_DF
* Product family: kintex7
* Target device:  xc7k160tfbg484-1


================================================================
== Performance Estimates
================================================================
+ Timing (ns): 
    * Summary: 
    +--------+-------+----------+------------+
    |  Clock | Target| Estimated| Uncertainty|
    +--------+-------+----------+------------+
    |ap_clk  |  10.00|     8.720|        1.25|
    +--------+-------+----------+------------+

+ Latency (clock cycles): 
    * Summary: 
    +-------+-------+-------+-------+---------+
    |    Latency    |    Interval   | Pipeline|
    |  min  |  max  |  min  |  max  |   Type  |
    +-------+-------+-------+-------+---------+
    |  38761|  38761|  38761|  38761|   none  |
    +-------+-------+-------+-------+---------+

    + Detail: 
        * Instance: 
        N/A

        * Loop: 
        +----------------------------+-------+-------+----------+-----------+-----------+------+----------+
        |                            |    Latency    | Iteration|  Initiation Interval  | Trip |          |
        |          Loop Name         |  min  |  max  |  Latency |  achieved |   target  | Count| Pipelined|
        +----------------------------+-------+-------+----------+-----------+-----------+------+----------+
        |- dense_layer1_outer_loop   |  38760|  38760|       323|          -|          -|   120|    no    |
        | + dense_layer1_inner_loop  |    320|    320|        20|          -|          -|    16|    no    |
        +----------------------------+-------+-------+----------+-----------+-----------+------+----------+



================================================================
== Utilization Estimates
================================================================
* Summary: 
+-----------------+---------+-------+--------+--------+
|       Name      | BRAM_18K| DSP48E|   FF   |   LUT  |
+-----------------+---------+-------+--------+--------+
|DSP              |        -|      -|       -|       -|
|Expression       |        -|      0|       0|    6666|
|FIFO             |        -|      -|       -|       -|
|Instance         |        -|      -|       -|       -|
|Memory           |       32|      -|       2|       4|
|Multiplexer      |        -|      -|       -|     521|
|Register         |        -|      -|     408|       -|
+-----------------+---------+-------+--------+--------+
|Total            |       32|      0|     410|    7191|
+-----------------+---------+-------+--------+--------+
|Available        |      650|    600|  202800|  101400|
+-----------------+---------+-------+--------+--------+
|Utilization (%)  |        4|      0|   ~0   |       7|
+-----------------+---------+-------+--------+--------+

+ Detail: 
    * Instance: 
    N/A

    * DSP48: 
    N/A

    * Memory: 
    +---------------------+--------------------------------+---------+---+----+-------+-----+------+-------------+
    |        Memory       |             Module             | BRAM_18K| FF| LUT| Words | Bits| Banks| W*Bits*Banks|
    +---------------------+--------------------------------+---------+---+----+-------+-----+------+-------------+
    |dense_1_biases_V_U   |dense_layer1_dense_1_biases_V   |        0|  2|   4|    120|    2|     1|          240|
    |dense_1_weights_V_U  |dense_layer1_dense_1_weights_V  |       32|  0|   0|  69120|    4|     1|       276480|
    +---------------------+--------------------------------+---------+---+----+-------+-----+------+-------------+
    |Total                |                                |       32|  2|   4|  69240|    6|     2|       276720|
    +---------------------+--------------------------------+---------+---+----+-------+-----+------+-------------+

    * FIFO: 
    N/A

    * Expression: 
    +---------------------------------+----------+-------+---+----+------------+------------+
    |          Variable Name          | Operation| DSP48E| FF| LUT| Bitwidth P0| Bitwidth P1|
    +---------------------------------+----------+-------+---+----+------------+------------+
    |r_V_8_10_fu_2600_p2              |     *    |      0|  0|  41|           4|           8|
    |r_V_8_11_fu_2830_p2              |     *    |      0|  0|  41|           4|           8|
    |r_V_8_12_fu_2912_p2              |     *    |      0|  0|  41|           4|           8|
    |r_V_8_13_fu_3142_p2              |     *    |      0|  0|  41|           4|           8|
    |r_V_8_14_fu_3224_p2              |     *    |      0|  0|  41|           4|           8|
    |r_V_8_15_fu_3454_p2              |     *    |      0|  0|  41|           4|           8|
    |r_V_8_16_fu_3536_p2              |     *    |      0|  0|  41|           4|           8|
    |r_V_8_17_fu_3766_p2              |     *    |      0|  0|  41|           4|           8|
    |r_V_8_18_fu_3848_p2              |     *    |      0|  0|  41|           4|           8|
    |r_V_8_19_fu_4078_p2              |     *    |      0|  0|  41|           4|           8|
    |r_V_8_1_fu_1040_p2               |     *    |      0|  0|  41|           4|           8|
    |r_V_8_20_fu_4160_p2              |     *    |      0|  0|  41|           4|           8|
    |r_V_8_21_fu_4390_p2              |     *    |      0|  0|  41|           4|           8|
    |r_V_8_22_fu_4472_p2              |     *    |      0|  0|  41|           4|           8|
    |r_V_8_23_fu_4702_p2              |     *    |      0|  0|  41|           4|           8|
    |r_V_8_24_fu_4784_p2              |     *    |      0|  0|  41|           4|           8|
    |r_V_8_25_fu_5014_p2              |     *    |      0|  0|  41|           4|           8|
    |r_V_8_26_fu_5096_p2              |     *    |      0|  0|  41|           4|           8|
    |r_V_8_27_fu_5326_p2              |     *    |      0|  0|  41|           4|           8|
    |r_V_8_28_fu_5408_p2              |     *    |      0|  0|  41|           4|           8|
    |r_V_8_29_fu_5638_p2              |     *    |      0|  0|  41|           4|           8|
    |r_V_8_2_fu_1270_p2               |     *    |      0|  0|  41|           4|           8|
    |r_V_8_30_fu_5720_p2              |     *    |      0|  0|  41|           4|           8|
    |r_V_8_31_fu_5950_p2              |     *    |      0|  0|  41|           4|           8|
    |r_V_8_32_fu_6032_p2              |     *    |      0|  0|  41|           4|           8|
    |r_V_8_33_fu_6268_p2              |     *    |      0|  0|  41|           4|           8|
    |r_V_8_34_fu_6350_p2              |     *    |      0|  0|  41|           4|           8|
    |r_V_8_3_fu_1352_p2               |     *    |      0|  0|  41|           4|           8|
    |r_V_8_4_fu_1582_p2               |     *    |      0|  0|  41|           4|           8|
    |r_V_8_5_fu_1664_p2               |     *    |      0|  0|  41|           4|           8|
    |r_V_8_6_fu_1894_p2               |     *    |      0|  0|  41|           4|           8|
    |r_V_8_7_fu_1976_p2               |     *    |      0|  0|  41|           4|           8|
    |r_V_8_8_fu_2206_p2               |     *    |      0|  0|  41|           4|           8|
    |r_V_8_9_fu_2288_p2               |     *    |      0|  0|  41|           4|           8|
    |r_V_8_fu_958_p2                  |     *    |      0|  0|  41|           4|           8|
    |r_V_8_s_fu_2518_p2               |     *    |      0|  0|  41|           4|           8|
    |i_4_10_fu_2337_p2                |     +    |      0|  0|  17|          10|           4|
    |i_4_11_fu_2624_p2                |     +    |      0|  0|  17|          10|           4|
    |i_4_12_fu_2649_p2                |     +    |      0|  0|  17|          10|           4|
    |i_4_13_fu_2936_p2                |     +    |      0|  0|  17|          10|           4|
    |i_4_14_fu_2961_p2                |     +    |      0|  0|  17|          10|           4|
    |i_4_15_fu_3248_p2                |     +    |      0|  0|  17|          10|           5|
    |i_4_16_fu_3273_p2                |     +    |      0|  0|  17|          10|           5|
    |i_4_17_fu_3560_p2                |     +    |      0|  0|  17|          10|           5|
    |i_4_18_fu_3585_p2                |     +    |      0|  0|  17|          10|           5|
    |i_4_19_fu_3872_p2                |     +    |      0|  0|  17|          10|           5|
    |i_4_20_fu_3897_p2                |     +    |      0|  0|  17|          10|           5|
    |i_4_21_fu_4184_p2                |     +    |      0|  0|  17|          10|           5|
    |i_4_22_fu_4209_p2                |     +    |      0|  0|  17|          10|           5|
    |i_4_23_fu_4496_p2                |     +    |      0|  0|  17|          10|           5|
    |i_4_24_fu_4521_p2                |     +    |      0|  0|  17|          10|           5|
    |i_4_25_fu_4808_p2                |     +    |      0|  0|  17|          10|           5|
    |i_4_26_fu_4833_p2                |     +    |      0|  0|  17|          10|           5|
    |i_4_27_fu_5120_p2                |     +    |      0|  0|  17|          10|           5|
    |i_4_28_fu_5145_p2                |     +    |      0|  0|  17|          10|           5|
    |i_4_29_fu_5432_p2                |     +    |      0|  0|  17|          10|           5|
    |i_4_30_fu_5457_p2                |     +    |      0|  0|  17|          10|           5|
    |i_4_31_fu_5744_p2                |     +    |      0|  0|  17|          10|           6|
    |i_4_32_fu_5769_p2                |     +    |      0|  0|  17|          10|           6|
    |i_4_33_fu_6056_p2                |     +    |      0|  0|  17|          10|           6|
    |i_4_34_fu_6081_p2                |     +    |      0|  0|  17|          10|           6|
    |i_4_35_fu_6106_p2                |     +    |      0|  0|  17|          10|           6|
    |i_4_3_fu_1376_p2                 |     +    |      0|  0|  17|          10|           3|
    |i_4_4_fu_1401_p2                 |     +    |      0|  0|  17|          10|           3|
    |i_4_5_fu_1688_p2                 |     +    |      0|  0|  17|          10|           3|
    |i_4_6_fu_1713_p2                 |     +    |      0|  0|  17|          10|           3|
    |i_4_7_fu_2000_p2                 |     +    |      0|  0|  17|          10|           4|
    |i_4_8_fu_2025_p2                 |     +    |      0|  0|  17|          10|           4|
    |i_4_9_fu_2312_p2                 |     +    |      0|  0|  17|          10|           4|
    |inner_state_V_7_10_fu_2754_p2    |     +    |      0|  0|  15|           8|           8|
    |inner_state_V_7_11_fu_2890_p2    |     +    |      0|  0|  15|           8|           8|
    |inner_state_V_7_12_fu_3066_p2    |     +    |      0|  0|  15|           8|           8|
    |inner_state_V_7_13_fu_3202_p2    |     +    |      0|  0|  15|           8|           8|
    |inner_state_V_7_14_fu_3378_p2    |     +    |      0|  0|  15|           8|           8|
    |inner_state_V_7_15_fu_3514_p2    |     +    |      0|  0|  15|           8|           8|
    |inner_state_V_7_16_fu_3690_p2    |     +    |      0|  0|  15|           8|           8|
    |inner_state_V_7_17_fu_3826_p2    |     +    |      0|  0|  15|           8|           8|
    |inner_state_V_7_18_fu_4002_p2    |     +    |      0|  0|  15|           8|           8|
    |inner_state_V_7_19_fu_4138_p2    |     +    |      0|  0|  15|           8|           8|
    |inner_state_V_7_1_fu_1194_p2     |     +    |      0|  0|  15|           8|           8|
    |inner_state_V_7_20_fu_4314_p2    |     +    |      0|  0|  15|           8|           8|
    |inner_state_V_7_21_fu_4450_p2    |     +    |      0|  0|  15|           8|           8|
    |inner_state_V_7_22_fu_4626_p2    |     +    |      0|  0|  15|           8|           8|
    |inner_state_V_7_23_fu_4762_p2    |     +    |      0|  0|  15|           8|           8|
    |inner_state_V_7_24_fu_4938_p2    |     +    |      0|  0|  15|           8|           8|
    |inner_state_V_7_25_fu_5074_p2    |     +    |      0|  0|  15|           8|           8|
    |inner_state_V_7_26_fu_5250_p2    |     +    |      0|  0|  15|           8|           8|
    |inner_state_V_7_27_fu_5386_p2    |     +    |      0|  0|  15|           8|           8|
    |inner_state_V_7_28_fu_5562_p2    |     +    |      0|  0|  15|           8|           8|
    |inner_state_V_7_29_fu_5698_p2    |     +    |      0|  0|  15|           8|           8|
    |inner_state_V_7_2_fu_1330_p2     |     +    |      0|  0|  15|           8|           8|
    |inner_state_V_7_30_fu_5874_p2    |     +    |      0|  0|  15|           8|           8|
    |inner_state_V_7_31_fu_6010_p2    |     +    |      0|  0|  15|           8|           8|
    |inner_state_V_7_32_fu_6192_p2    |     +    |      0|  0|  15|           8|           8|
    |inner_state_V_7_33_fu_6328_p2    |     +    |      0|  0|  15|           8|           8|
    |inner_state_V_7_34_fu_6454_p2    |     +    |      0|  0|  15|           8|           8|
    |inner_state_V_7_3_fu_1506_p2     |     +    |      0|  0|  15|           8|           8|
    |inner_state_V_7_4_fu_1642_p2     |     +    |      0|  0|  15|           8|           8|
    |inner_state_V_7_5_fu_1818_p2     |     +    |      0|  0|  15|           8|           8|
    |inner_state_V_7_6_fu_1954_p2     |     +    |      0|  0|  15|           8|           8|
    |inner_state_V_7_7_fu_2130_p2     |     +    |      0|  0|  15|           8|           8|
    |inner_state_V_7_8_fu_2266_p2     |     +    |      0|  0|  15|           8|           8|
    |inner_state_V_7_9_fu_2442_p2     |     +    |      0|  0|  15|           8|           8|
    |inner_state_V_7_fu_1018_p2       |     +    |      0|  0|  15|           8|           8|
    |inner_state_V_7_s_fu_2578_p2     |     +    |      0|  0|  15|           8|           8|
    |p_3_fu_810_p2                    |     +    |      0|  0|  15|           7|           1|
    |p_Val2_17_fu_990_p2              |     +    |      0|  0|  15|           8|           8|
    |p_Val2_20_10_fu_2726_p2          |     +    |      0|  0|  15|           8|           8|
    |p_Val2_20_11_fu_2862_p2          |     +    |      0|  0|  15|           8|           8|
    |p_Val2_20_12_fu_3038_p2          |     +    |      0|  0|  15|           8|           8|
    |p_Val2_20_13_fu_3174_p2          |     +    |      0|  0|  15|           8|           8|
    |p_Val2_20_14_fu_3350_p2          |     +    |      0|  0|  15|           8|           8|
    |p_Val2_20_15_fu_3486_p2          |     +    |      0|  0|  15|           8|           8|
    |p_Val2_20_16_fu_3662_p2          |     +    |      0|  0|  15|           8|           8|
    |p_Val2_20_17_fu_3798_p2          |     +    |      0|  0|  15|           8|           8|
    |p_Val2_20_18_fu_3974_p2          |     +    |      0|  0|  15|           8|           8|
    |p_Val2_20_19_fu_4110_p2          |     +    |      0|  0|  15|           8|           8|
    |p_Val2_20_1_fu_1166_p2           |     +    |      0|  0|  15|           8|           8|
    |p_Val2_20_20_fu_4286_p2          |     +    |      0|  0|  15|           8|           8|
    |p_Val2_20_21_fu_4422_p2          |     +    |      0|  0|  15|           8|           8|
    |p_Val2_20_22_fu_4598_p2          |     +    |      0|  0|  15|           8|           8|
    |p_Val2_20_23_fu_4734_p2          |     +    |      0|  0|  15|           8|           8|
    |p_Val2_20_24_fu_4910_p2          |     +    |      0|  0|  15|           8|           8|
    |p_Val2_20_25_fu_5046_p2          |     +    |      0|  0|  15|           8|           8|
    |p_Val2_20_26_fu_5222_p2          |     +    |      0|  0|  15|           8|           8|
    |p_Val2_20_27_fu_5358_p2          |     +    |      0|  0|  15|           8|           8|
    |p_Val2_20_28_fu_5534_p2          |     +    |      0|  0|  15|           8|           8|
    |p_Val2_20_29_fu_5670_p2          |     +    |      0|  0|  15|           8|           8|
    |p_Val2_20_2_fu_1302_p2           |     +    |      0|  0|  15|           8|           8|
    |p_Val2_20_30_fu_5846_p2          |     +    |      0|  0|  15|           8|           8|
    |p_Val2_20_31_fu_5982_p2          |     +    |      0|  0|  15|           8|           8|
    |p_Val2_20_32_fu_6164_p2          |     +    |      0|  0|  15|           8|           8|
    |p_Val2_20_33_fu_6300_p2          |     +    |      0|  0|  15|           8|           8|
    |p_Val2_20_34_fu_6426_p2          |     +    |      0|  0|  15|           8|           8|
    |p_Val2_20_3_fu_1478_p2           |     +    |      0|  0|  15|           8|           8|
    |p_Val2_20_4_fu_1614_p2           |     +    |      0|  0|  15|           8|           8|
    |p_Val2_20_5_fu_1790_p2           |     +    |      0|  0|  15|           8|           8|
    |p_Val2_20_6_fu_1926_p2           |     +    |      0|  0|  15|           8|           8|
    |p_Val2_20_7_fu_2102_p2           |     +    |      0|  0|  15|           8|           8|
    |p_Val2_20_8_fu_2238_p2           |     +    |      0|  0|  15|           8|           8|
    |p_Val2_20_9_fu_2414_p2           |     +    |      0|  0|  15|           8|           8|
    |p_Val2_20_s_fu_2550_p2           |     +    |      0|  0|  15|           8|           8|
    |p_Val2_21_fu_871_p2              |     +    |      0|  0|  10|           2|           2|
    |ret_V_10_fu_2740_p2              |     +    |      0|  0|  16|           9|           9|
    |ret_V_11_fu_2876_p2              |     +    |      0|  0|  16|           9|           9|
    |ret_V_12_fu_3052_p2              |     +    |      0|  0|  16|           9|           9|
    |ret_V_13_fu_3188_p2              |     +    |      0|  0|  16|           9|           9|
    |ret_V_14_fu_3364_p2              |     +    |      0|  0|  16|           9|           9|
    |ret_V_15_fu_3500_p2              |     +    |      0|  0|  16|           9|           9|
    |ret_V_16_fu_3676_p2              |     +    |      0|  0|  16|           9|           9|
    |ret_V_17_fu_3812_p2              |     +    |      0|  0|  16|           9|           9|
    |ret_V_18_fu_3988_p2              |     +    |      0|  0|  16|           9|           9|
    |ret_V_19_fu_4124_p2              |     +    |      0|  0|  16|           9|           9|
    |ret_V_1_fu_1180_p2               |     +    |      0|  0|  16|           9|           9|
    |ret_V_20_fu_4300_p2              |     +    |      0|  0|  16|           9|           9|
    |ret_V_21_fu_4436_p2              |     +    |      0|  0|  16|           9|           9|
    |ret_V_22_fu_4612_p2              |     +    |      0|  0|  16|           9|           9|
    |ret_V_23_fu_4748_p2              |     +    |      0|  0|  16|           9|           9|
    |ret_V_24_fu_4924_p2              |     +    |      0|  0|  16|           9|           9|
    |ret_V_25_fu_5060_p2              |     +    |      0|  0|  16|           9|           9|
    |ret_V_26_fu_5236_p2              |     +    |      0|  0|  16|           9|           9|
    |ret_V_27_fu_5372_p2              |     +    |      0|  0|  16|           9|           9|
    |ret_V_28_fu_5548_p2              |     +    |      0|  0|  16|           9|           9|
    |ret_V_29_fu_5684_p2              |     +    |      0|  0|  16|           9|           9|
    |ret_V_2_fu_1316_p2               |     +    |      0|  0|  16|           9|           9|
    |ret_V_30_fu_5860_p2              |     +    |      0|  0|  16|           9|           9|
    |ret_V_31_fu_5996_p2              |     +    |      0|  0|  16|           9|           9|
    |ret_V_32_fu_6178_p2              |     +    |      0|  0|  16|           9|           9|
    |ret_V_33_fu_6314_p2              |     +    |      0|  0|  16|           9|           9|
    |ret_V_34_fu_6440_p2              |     +    |      0|  0|  16|           9|           9|
    |ret_V_3_fu_1492_p2               |     +    |      0|  0|  16|           9|           9|
    |ret_V_4_fu_1628_p2               |     +    |      0|  0|  16|           9|           9|
    |ret_V_5_fu_1804_p2               |     +    |      0|  0|  16|           9|           9|
    |ret_V_6_fu_1940_p2               |     +    |      0|  0|  16|           9|           9|
    |ret_V_7_fu_2116_p2               |     +    |      0|  0|  16|           9|           9|
    |ret_V_8_fu_2252_p2               |     +    |      0|  0|  16|           9|           9|
    |ret_V_9_fu_2428_p2               |     +    |      0|  0|  16|           9|           9|
    |ret_V_fu_1004_p2                 |     +    |      0|  0|  16|           9|           9|
    |ret_V_s_fu_2564_p2               |     +    |      0|  0|  16|           9|           9|
    |tmp_25_fu_845_p2                 |     +    |      0|  0|  24|          17|          17|
    |tmp_27_fu_896_p2                 |     +    |      0|  0|  24|          17|          17|
    |tmp_29_fu_921_p2                 |     +    |      0|  0|  24|          17|          17|
    |tmp_31_fu_1079_p2                |     +    |      0|  0|  24|          17|          17|
    |tmp_33_fu_1104_p2                |     +    |      0|  0|  24|          17|          17|
    |tmp_35_fu_1391_p2                |     +    |      0|  0|  24|          17|          17|
    |tmp_37_fu_1416_p2                |     +    |      0|  0|  24|          17|          17|
    |tmp_39_fu_1703_p2                |     +    |      0|  0|  24|          17|          17|
    |tmp_41_fu_1728_p2                |     +    |      0|  0|  24|          17|          17|
    |tmp_43_fu_2015_p2                |     +    |      0|  0|  24|          17|          17|
    |tmp_45_fu_2040_p2                |     +    |      0|  0|  24|          17|          17|
    |tmp_47_fu_2327_p2                |     +    |      0|  0|  24|          17|          17|
    |tmp_49_fu_2352_p2                |     +    |      0|  0|  24|          17|          17|
    |tmp_51_fu_2639_p2                |     +    |      0|  0|  24|          17|          17|
    |tmp_53_fu_2664_p2                |     +    |      0|  0|  24|          17|          17|
    |tmp_55_fu_2951_p2                |     +    |      0|  0|  24|          17|          17|
    |tmp_57_fu_2976_p2                |     +    |      0|  0|  24|          17|          17|
    |tmp_59_fu_3263_p2                |     +    |      0|  0|  24|          17|          17|
    |tmp_61_fu_3288_p2                |     +    |      0|  0|  24|          17|          17|
    |tmp_63_fu_3575_p2                |     +    |      0|  0|  24|          17|          17|
    |tmp_65_fu_3600_p2                |     +    |      0|  0|  24|          17|          17|
    |tmp_67_fu_3887_p2                |     +    |      0|  0|  24|          17|          17|
    |tmp_69_fu_3912_p2                |     +    |      0|  0|  24|          17|          17|
    |tmp_71_fu_4199_p2                |     +    |      0|  0|  24|          17|          17|
    |tmp_73_fu_4224_p2                |     +    |      0|  0|  24|          17|          17|
    |tmp_75_fu_4511_p2                |     +    |      0|  0|  24|          17|          17|
    |tmp_77_fu_4536_p2                |     +    |      0|  0|  24|          17|          17|
    |tmp_79_fu_4823_p2                |     +    |      0|  0|  24|          17|          17|
    |tmp_81_fu_4848_p2                |     +    |      0|  0|  24|          17|          17|
    |tmp_83_fu_5135_p2                |     +    |      0|  0|  24|          17|          17|
    |tmp_85_fu_5160_p2                |     +    |      0|  0|  24|          17|          17|
    |tmp_87_fu_5447_p2                |     +    |      0|  0|  24|          17|          17|
    |tmp_89_fu_5472_p2                |     +    |      0|  0|  24|          17|          17|
    |tmp_91_fu_5759_p2                |     +    |      0|  0|  24|          17|          17|
    |tmp_93_fu_5784_p2                |     +    |      0|  0|  24|          17|          17|
    |tmp_95_fu_6071_p2                |     +    |      0|  0|  24|          17|          17|
    |tmp_96_fu_6096_p2                |     +    |      0|  0|  24|          17|          17|
    |underflow_10_fu_2774_p2          |    and   |      0|  0|   6|           1|           1|
    |underflow_11_fu_2991_p2          |    and   |      0|  0|   6|           1|           1|
    |underflow_12_fu_3086_p2          |    and   |      0|  0|   6|           1|           1|
    |underflow_13_fu_3303_p2          |    and   |      0|  0|   6|           1|           1|
    |underflow_14_fu_3398_p2          |    and   |      0|  0|   6|           1|           1|
    |underflow_15_fu_3615_p2          |    and   |      0|  0|   6|           1|           1|
    |underflow_16_fu_3710_p2          |    and   |      0|  0|   6|           1|           1|
    |underflow_17_fu_3927_p2          |    and   |      0|  0|   6|           1|           1|
    |underflow_18_fu_4022_p2          |    and   |      0|  0|   6|           1|           1|
    |underflow_19_fu_4239_p2          |    and   |      0|  0|   6|           1|           1|
    |underflow_1_fu_1214_p2           |    and   |      0|  0|   6|           1|           1|
    |underflow_20_fu_4334_p2          |    and   |      0|  0|   6|           1|           1|
    |underflow_21_fu_4551_p2          |    and   |      0|  0|   6|           1|           1|
    |underflow_22_fu_4646_p2          |    and   |      0|  0|   6|           1|           1|
    |underflow_23_fu_4863_p2          |    and   |      0|  0|   6|           1|           1|
    |underflow_24_fu_4958_p2          |    and   |      0|  0|   6|           1|           1|
    |underflow_25_fu_5175_p2          |    and   |      0|  0|   6|           1|           1|
    |underflow_26_fu_5270_p2          |    and   |      0|  0|   6|           1|           1|
    |underflow_27_fu_5487_p2          |    and   |      0|  0|   6|           1|           1|
    |underflow_28_fu_5582_p2          |    and   |      0|  0|   6|           1|           1|
    |underflow_29_fu_5799_p2          |    and   |      0|  0|   6|           1|           1|
    |underflow_2_fu_1431_p2           |    and   |      0|  0|   6|           1|           1|
    |underflow_30_fu_5894_p2          |    and   |      0|  0|   6|           1|           1|
    |underflow_31_fu_6117_p2          |    and   |      0|  0|   6|           1|           1|
    |underflow_32_fu_6212_p2          |    and   |      0|  0|   6|           1|           1|
    |underflow_33_fu_6379_p2          |    and   |      0|  0|   6|           1|           1|
    |underflow_34_fu_6474_p2          |    and   |      0|  0|   6|           1|           1|
    |underflow_3_fu_1526_p2           |    and   |      0|  0|   6|           1|           1|
    |underflow_4_fu_1743_p2           |    and   |      0|  0|   6|           1|           1|
    |underflow_5_fu_1838_p2           |    and   |      0|  0|   6|           1|           1|
    |underflow_6_fu_2055_p2           |    and   |      0|  0|   6|           1|           1|
    |underflow_7_fu_2150_p2           |    and   |      0|  0|   6|           1|           1|
    |underflow_8_fu_2367_p2           |    and   |      0|  0|   6|           1|           1|
    |underflow_9_fu_2462_p2           |    and   |      0|  0|   6|           1|           1|
    |underflow_fu_1119_p2             |    and   |      0|  0|   6|           1|           1|
    |underflow_s_fu_2679_p2           |    and   |      0|  0|   6|           1|           1|
    |exitcond4_fu_804_p2              |   icmp   |      0|  0|  11|           7|           5|
    |exitcond_fu_881_p2               |   icmp   |      0|  0|  13|          10|          10|
    |tmp_16_fu_935_p2                 |   icmp   |      0|  0|  11|           8|           1|
    |ap_block_state1                  |    or    |      0|  0|   6|           1|           1|
    |brmerge12_fu_1133_p2             |    or    |      0|  0|   6|           1|           1|
    |brmerge21_10_fu_2792_p2          |    or    |      0|  0|   6|           1|           1|
    |brmerge21_11_fu_3005_p2          |    or    |      0|  0|   6|           1|           1|
    |brmerge21_12_fu_3104_p2          |    or    |      0|  0|   6|           1|           1|
    |brmerge21_13_fu_3317_p2          |    or    |      0|  0|   6|           1|           1|
    |brmerge21_14_fu_3416_p2          |    or    |      0|  0|   6|           1|           1|
    |brmerge21_15_fu_3629_p2          |    or    |      0|  0|   6|           1|           1|
    |brmerge21_16_fu_3728_p2          |    or    |      0|  0|   6|           1|           1|
    |brmerge21_17_fu_3941_p2          |    or    |      0|  0|   6|           1|           1|
    |brmerge21_18_fu_4040_p2          |    or    |      0|  0|   6|           1|           1|
    |brmerge21_19_fu_4253_p2          |    or    |      0|  0|   6|           1|           1|
    |brmerge21_1_fu_1232_p2           |    or    |      0|  0|   6|           1|           1|
    |brmerge21_20_fu_4352_p2          |    or    |      0|  0|   6|           1|           1|
    |brmerge21_21_fu_4565_p2          |    or    |      0|  0|   6|           1|           1|
    |brmerge21_22_fu_4664_p2          |    or    |      0|  0|   6|           1|           1|
    |brmerge21_23_fu_4877_p2          |    or    |      0|  0|   6|           1|           1|
    |brmerge21_24_fu_4976_p2          |    or    |      0|  0|   6|           1|           1|
    |brmerge21_25_fu_5189_p2          |    or    |      0|  0|   6|           1|           1|
    |brmerge21_26_fu_5288_p2          |    or    |      0|  0|   6|           1|           1|
    |brmerge21_27_fu_5501_p2          |    or    |      0|  0|   6|           1|           1|
    |brmerge21_28_fu_5600_p2          |    or    |      0|  0|   6|           1|           1|
    |brmerge21_29_fu_5813_p2          |    or    |      0|  0|   6|           1|           1|
    |brmerge21_2_fu_1445_p2           |    or    |      0|  0|   6|           1|           1|
    |brmerge21_30_fu_5912_p2          |    or    |      0|  0|   6|           1|           1|
    |brmerge21_31_fu_6131_p2          |    or    |      0|  0|   6|           1|           1|
    |brmerge21_32_fu_6230_p2          |    or    |      0|  0|   6|           1|           1|
    |brmerge21_33_fu_6393_p2          |    or    |      0|  0|   6|           1|           1|
    |brmerge21_34_fu_6492_p2          |    or    |      0|  0|   6|           1|           1|
    |brmerge21_3_fu_1544_p2           |    or    |      0|  0|   6|           1|           1|
    |brmerge21_4_fu_1757_p2           |    or    |      0|  0|   6|           1|           1|
    |brmerge21_5_fu_1856_p2           |    or    |      0|  0|   6|           1|           1|
    |brmerge21_6_fu_2069_p2           |    or    |      0|  0|   6|           1|           1|
    |brmerge21_7_fu_2168_p2           |    or    |      0|  0|   6|           1|           1|
    |brmerge21_8_fu_2381_p2           |    or    |      0|  0|   6|           1|           1|
    |brmerge21_9_fu_2480_p2           |    or    |      0|  0|   6|           1|           1|
    |brmerge21_s_fu_2693_p2           |    or    |      0|  0|   6|           1|           1|
    |i_4_1_fu_1064_p2                 |    or    |      0|  0|  10|          10|           2|
    |i_4_2_fu_1089_p2                 |    or    |      0|  0|  10|          10|           2|
    |i_4_s_fu_906_p2                  |    or    |      0|  0|  10|          10|           1|
    |inner_state_V_5_cast_fu_859_p3   |  select  |      0|  0|   2|           1|           2|
    |output_V_d0                      |  select  |      0|  0|   7|           1|           7|
    |p_0246_3_10_fu_2814_p3           |  select  |      0|  0|   8|           1|           8|
    |p_0246_3_11_fu_3024_p3           |  select  |      0|  0|   8|           1|           8|
    |p_0246_3_12_fu_3126_p3           |  select  |      0|  0|   8|           1|           8|
    |p_0246_3_13_fu_3336_p3           |  select  |      0|  0|   8|           1|           8|
    |p_0246_3_14_fu_3438_p3           |  select  |      0|  0|   8|           1|           8|
    |p_0246_3_15_fu_3648_p3           |  select  |      0|  0|   8|           1|           8|
    |p_0246_3_16_fu_3750_p3           |  select  |      0|  0|   8|           1|           8|
    |p_0246_3_17_fu_3960_p3           |  select  |      0|  0|   8|           1|           8|
    |p_0246_3_18_fu_4062_p3           |  select  |      0|  0|   8|           1|           8|
    |p_0246_3_19_fu_4272_p3           |  select  |      0|  0|   8|           1|           8|
    |p_0246_3_1_fu_1254_p3            |  select  |      0|  0|   8|           1|           8|
    |p_0246_3_20_fu_4374_p3           |  select  |      0|  0|   8|           1|           8|
    |p_0246_3_21_fu_4584_p3           |  select  |      0|  0|   8|           1|           8|
    |p_0246_3_22_fu_4686_p3           |  select  |      0|  0|   8|           1|           8|
    |p_0246_3_23_fu_4896_p3           |  select  |      0|  0|   8|           1|           8|
    |p_0246_3_24_fu_4998_p3           |  select  |      0|  0|   8|           1|           8|
    |p_0246_3_25_fu_5208_p3           |  select  |      0|  0|   8|           1|           8|
    |p_0246_3_26_fu_5310_p3           |  select  |      0|  0|   8|           1|           8|
    |p_0246_3_27_fu_5520_p3           |  select  |      0|  0|   8|           1|           8|
    |p_0246_3_28_fu_5622_p3           |  select  |      0|  0|   8|           1|           8|
    |p_0246_3_29_fu_5832_p3           |  select  |      0|  0|   8|           1|           8|
    |p_0246_3_2_fu_1464_p3            |  select  |      0|  0|   8|           1|           8|
    |p_0246_3_30_fu_5934_p3           |  select  |      0|  0|   8|           1|           8|
    |p_0246_3_31_fu_6150_p3           |  select  |      0|  0|   8|           1|           8|
    |p_0246_3_32_fu_6252_p3           |  select  |      0|  0|   8|           1|           8|
    |p_0246_3_33_fu_6412_p3           |  select  |      0|  0|   8|           1|           8|
    |p_0246_3_34_fu_6514_p3           |  select  |      0|  0|   8|           1|           8|
    |p_0246_3_3_fu_1566_p3            |  select  |      0|  0|   8|           1|           8|
    |p_0246_3_4_fu_1776_p3            |  select  |      0|  0|   8|           1|           8|
    |p_0246_3_5_fu_1878_p3            |  select  |      0|  0|   8|           1|           8|
    |p_0246_3_6_fu_2088_p3            |  select  |      0|  0|   8|           1|           8|
    |p_0246_3_7_fu_2190_p3            |  select  |      0|  0|   8|           1|           8|
    |p_0246_3_8_fu_2400_p3            |  select  |      0|  0|   8|           1|           8|
    |p_0246_3_9_fu_2502_p3            |  select  |      0|  0|   8|           1|           8|
    |p_0246_3_fu_1152_p3              |  select  |      0|  0|   8|           1|           8|
    |p_0246_3_s_fu_2712_p3            |  select  |      0|  0|   8|           1|           8|
    |p_10_fu_2806_p3                  |  select  |      0|  0|   9|           1|           9|
    |p_11_fu_3017_p3                  |  select  |      0|  0|   9|           1|           9|
    |p_12_fu_3118_p3                  |  select  |      0|  0|   9|           1|           9|
    |p_13_fu_3329_p3                  |  select  |      0|  0|   9|           1|           9|
    |p_14_fu_3430_p3                  |  select  |      0|  0|   9|           1|           9|
    |p_15_fu_3641_p3                  |  select  |      0|  0|   9|           1|           9|
    |p_16_fu_3742_p3                  |  select  |      0|  0|   9|           1|           9|
    |p_17_fu_3953_p3                  |  select  |      0|  0|   9|           1|           9|
    |p_18_fu_4054_p3                  |  select  |      0|  0|   9|           1|           9|
    |p_19_fu_4265_p3                  |  select  |      0|  0|   9|           1|           9|
    |p_1_fu_1246_p3                   |  select  |      0|  0|   9|           1|           9|
    |p_20_fu_4366_p3                  |  select  |      0|  0|   9|           1|           9|
    |p_21_fu_4577_p3                  |  select  |      0|  0|   9|           1|           9|
    |p_22_fu_4678_p3                  |  select  |      0|  0|   9|           1|           9|
    |p_23_fu_4889_p3                  |  select  |      0|  0|   9|           1|           9|
    |p_24_fu_4990_p3                  |  select  |      0|  0|   9|           1|           9|
    |p_25_fu_5201_p3                  |  select  |      0|  0|   9|           1|           9|
    |p_26_fu_5302_p3                  |  select  |      0|  0|   9|           1|           9|
    |p_27_fu_5513_p3                  |  select  |      0|  0|   9|           1|           9|
    |p_28_fu_5614_p3                  |  select  |      0|  0|   9|           1|           9|
    |p_29_fu_5825_p3                  |  select  |      0|  0|   9|           1|           9|
    |p_2_fu_1457_p3                   |  select  |      0|  0|   9|           1|           9|
    |p_30_fu_5926_p3                  |  select  |      0|  0|   9|           1|           9|
    |p_31_fu_6143_p3                  |  select  |      0|  0|   9|           1|           9|
    |p_32_fu_6244_p3                  |  select  |      0|  0|   9|           1|           9|
    |p_33_fu_6405_p3                  |  select  |      0|  0|   9|           1|           9|
    |p_34_fu_6506_p3                  |  select  |      0|  0|   9|           1|           9|
    |p_3_34_fu_1558_p3                |  select  |      0|  0|   9|           1|           9|
    |p_4_fu_1769_p3                   |  select  |      0|  0|   9|           1|           9|
    |p_5_fu_1870_p3                   |  select  |      0|  0|   9|           1|           9|
    |p_6_fu_2081_p3                   |  select  |      0|  0|   9|           1|           9|
    |p_7_fu_2182_p3                   |  select  |      0|  0|   9|           1|           9|
    |p_8_fu_2393_p3                   |  select  |      0|  0|   9|           1|           9|
    |p_9_fu_2494_p3                   |  select  |      0|  0|   9|           1|           9|
    |p_mux_10_fu_2798_p3              |  select  |      0|  0|   8|           1|           7|
    |p_mux_11_fu_3010_p3              |  select  |      0|  0|   8|           1|           7|
    |p_mux_12_fu_3110_p3              |  select  |      0|  0|   8|           1|           7|
    |p_mux_13_fu_3322_p3              |  select  |      0|  0|   8|           1|           7|
    |p_mux_14_fu_3422_p3              |  select  |      0|  0|   8|           1|           7|
    |p_mux_15_fu_3634_p3              |  select  |      0|  0|   8|           1|           7|
    |p_mux_16_fu_3734_p3              |  select  |      0|  0|   8|           1|           7|
    |p_mux_17_fu_3946_p3              |  select  |      0|  0|   8|           1|           7|
    |p_mux_18_fu_4046_p3              |  select  |      0|  0|   8|           1|           7|
    |p_mux_19_fu_4258_p3              |  select  |      0|  0|   8|           1|           7|
    |p_mux_1_fu_1238_p3               |  select  |      0|  0|   8|           1|           7|
    |p_mux_20_fu_4358_p3              |  select  |      0|  0|   8|           1|           7|
    |p_mux_21_fu_4570_p3              |  select  |      0|  0|   8|           1|           7|
    |p_mux_22_fu_4670_p3              |  select  |      0|  0|   8|           1|           7|
    |p_mux_23_fu_4882_p3              |  select  |      0|  0|   8|           1|           7|
    |p_mux_24_fu_4982_p3              |  select  |      0|  0|   8|           1|           7|
    |p_mux_25_fu_5194_p3              |  select  |      0|  0|   8|           1|           7|
    |p_mux_26_fu_5294_p3              |  select  |      0|  0|   8|           1|           7|
    |p_mux_27_fu_5506_p3              |  select  |      0|  0|   8|           1|           7|
    |p_mux_28_fu_5606_p3              |  select  |      0|  0|   8|           1|           7|
    |p_mux_29_fu_5818_p3              |  select  |      0|  0|   8|           1|           7|
    |p_mux_2_fu_1450_p3               |  select  |      0|  0|   8|           1|           7|
    |p_mux_30_fu_5918_p3              |  select  |      0|  0|   8|           1|           7|
    |p_mux_31_fu_6136_p3              |  select  |      0|  0|   8|           1|           7|
    |p_mux_32_fu_6236_p3              |  select  |      0|  0|   8|           1|           7|
    |p_mux_33_fu_6398_p3              |  select  |      0|  0|   8|           1|           7|
    |p_mux_34_fu_6498_p3              |  select  |      0|  0|   8|           1|           7|
    |p_mux_3_fu_1550_p3               |  select  |      0|  0|   8|           1|           7|
    |p_mux_4_fu_1762_p3               |  select  |      0|  0|   8|           1|           7|
    |p_mux_5_fu_1862_p3               |  select  |      0|  0|   8|           1|           7|
    |p_mux_6_fu_2074_p3               |  select  |      0|  0|   8|           1|           7|
    |p_mux_7_fu_2174_p3               |  select  |      0|  0|   8|           1|           7|
    |p_mux_8_fu_2386_p3               |  select  |      0|  0|   8|           1|           7|
    |p_mux_9_fu_2486_p3               |  select  |      0|  0|   8|           1|           7|
    |p_mux_fu_1138_p3                 |  select  |      0|  0|   8|           1|           7|
    |p_mux_s_fu_2698_p3               |  select  |      0|  0|   8|           1|           7|
    |p_s_36_fu_2705_p3                |  select  |      0|  0|   9|           1|           9|
    |p_s_fu_1145_p3                   |  select  |      0|  0|   9|           1|           9|
    |brmerge20_10_fu_2780_p2          |    xor   |      0|  0|   6|           1|           1|
    |brmerge20_11_fu_2996_p2          |    xor   |      0|  0|   6|           1|           1|
    |brmerge20_12_fu_3092_p2          |    xor   |      0|  0|   6|           1|           1|
    |brmerge20_13_fu_3308_p2          |    xor   |      0|  0|   6|           1|           1|
    |brmerge20_14_fu_3404_p2          |    xor   |      0|  0|   6|           1|           1|
    |brmerge20_15_fu_3620_p2          |    xor   |      0|  0|   6|           1|           1|
    |brmerge20_16_fu_3716_p2          |    xor   |      0|  0|   6|           1|           1|
    |brmerge20_17_fu_3932_p2          |    xor   |      0|  0|   6|           1|           1|
    |brmerge20_18_fu_4028_p2          |    xor   |      0|  0|   6|           1|           1|
    |brmerge20_19_fu_4244_p2          |    xor   |      0|  0|   6|           1|           1|
    |brmerge20_1_fu_1220_p2           |    xor   |      0|  0|   6|           1|           1|
    |brmerge20_20_fu_4340_p2          |    xor   |      0|  0|   6|           1|           1|
    |brmerge20_21_fu_4556_p2          |    xor   |      0|  0|   6|           1|           1|
    |brmerge20_22_fu_4652_p2          |    xor   |      0|  0|   6|           1|           1|
    |brmerge20_23_fu_4868_p2          |    xor   |      0|  0|   6|           1|           1|
    |brmerge20_24_fu_4964_p2          |    xor   |      0|  0|   6|           1|           1|
    |brmerge20_25_fu_5180_p2          |    xor   |      0|  0|   6|           1|           1|
    |brmerge20_26_fu_5276_p2          |    xor   |      0|  0|   6|           1|           1|
    |brmerge20_27_fu_5492_p2          |    xor   |      0|  0|   6|           1|           1|
    |brmerge20_28_fu_5588_p2          |    xor   |      0|  0|   6|           1|           1|
    |brmerge20_29_fu_5804_p2          |    xor   |      0|  0|   6|           1|           1|
    |brmerge20_2_fu_1436_p2           |    xor   |      0|  0|   6|           1|           1|
    |brmerge20_30_fu_5900_p2          |    xor   |      0|  0|   6|           1|           1|
    |brmerge20_31_fu_6122_p2          |    xor   |      0|  0|   6|           1|           1|
    |brmerge20_32_fu_6218_p2          |    xor   |      0|  0|   6|           1|           1|
    |brmerge20_33_fu_6384_p2          |    xor   |      0|  0|   6|           1|           1|
    |brmerge20_34_fu_6480_p2          |    xor   |      0|  0|   6|           1|           1|
    |brmerge20_3_fu_1532_p2           |    xor   |      0|  0|   6|           1|           1|
    |brmerge20_4_fu_1748_p2           |    xor   |      0|  0|   6|           1|           1|
    |brmerge20_5_fu_1844_p2           |    xor   |      0|  0|   6|           1|           1|
    |brmerge20_6_fu_2060_p2           |    xor   |      0|  0|   6|           1|           1|
    |brmerge20_7_fu_2156_p2           |    xor   |      0|  0|   6|           1|           1|
    |brmerge20_8_fu_2372_p2           |    xor   |      0|  0|   6|           1|           1|
    |brmerge20_9_fu_2468_p2           |    xor   |      0|  0|   6|           1|           1|
    |brmerge20_s_fu_2684_p2           |    xor   |      0|  0|   6|           1|           1|
    |brmerge_fu_1124_p2               |    xor   |      0|  0|   6|           1|           1|
    |signbit_i_i_0_not_10_fu_2786_p2  |    xor   |      0|  0|   6|           1|           2|
    |signbit_i_i_0_not_11_fu_3000_p2  |    xor   |      0|  0|   6|           1|           2|
    |signbit_i_i_0_not_12_fu_3098_p2  |    xor   |      0|  0|   6|           1|           2|
    |signbit_i_i_0_not_13_fu_3312_p2  |    xor   |      0|  0|   6|           1|           2|
    |signbit_i_i_0_not_14_fu_3410_p2  |    xor   |      0|  0|   6|           1|           2|
    |signbit_i_i_0_not_15_fu_3624_p2  |    xor   |      0|  0|   6|           1|           2|
    |signbit_i_i_0_not_16_fu_3722_p2  |    xor   |      0|  0|   6|           1|           2|
    |signbit_i_i_0_not_17_fu_3936_p2  |    xor   |      0|  0|   6|           1|           2|
    |signbit_i_i_0_not_18_fu_4034_p2  |    xor   |      0|  0|   6|           1|           2|
    |signbit_i_i_0_not_19_fu_4248_p2  |    xor   |      0|  0|   6|           1|           2|
    |signbit_i_i_0_not_1_fu_1226_p2   |    xor   |      0|  0|   6|           1|           2|
    |signbit_i_i_0_not_20_fu_4346_p2  |    xor   |      0|  0|   6|           1|           2|
    |signbit_i_i_0_not_21_fu_4560_p2  |    xor   |      0|  0|   6|           1|           2|
    |signbit_i_i_0_not_22_fu_4658_p2  |    xor   |      0|  0|   6|           1|           2|
    |signbit_i_i_0_not_23_fu_4872_p2  |    xor   |      0|  0|   6|           1|           2|
    |signbit_i_i_0_not_24_fu_4970_p2  |    xor   |      0|  0|   6|           1|           2|
    |signbit_i_i_0_not_25_fu_5184_p2  |    xor   |      0|  0|   6|           1|           2|
    |signbit_i_i_0_not_26_fu_5282_p2  |    xor   |      0|  0|   6|           1|           2|
    |signbit_i_i_0_not_27_fu_5496_p2  |    xor   |      0|  0|   6|           1|           2|
    |signbit_i_i_0_not_28_fu_5594_p2  |    xor   |      0|  0|   6|           1|           2|
    |signbit_i_i_0_not_29_fu_5808_p2  |    xor   |      0|  0|   6|           1|           2|
    |signbit_i_i_0_not_2_fu_1440_p2   |    xor   |      0|  0|   6|           1|           2|
    |signbit_i_i_0_not_30_fu_5906_p2  |    xor   |      0|  0|   6|           1|           2|
    |signbit_i_i_0_not_31_fu_6126_p2  |    xor   |      0|  0|   6|           1|           2|
    |signbit_i_i_0_not_32_fu_6224_p2  |    xor   |      0|  0|   6|           1|           2|
    |signbit_i_i_0_not_33_fu_6388_p2  |    xor   |      0|  0|   6|           1|           2|
    |signbit_i_i_0_not_34_fu_6486_p2  |    xor   |      0|  0|   6|           1|           2|
    |signbit_i_i_0_not_3_fu_1538_p2   |    xor   |      0|  0|   6|           1|           2|
    |signbit_i_i_0_not_4_fu_1752_p2   |    xor   |      0|  0|   6|           1|           2|
    |signbit_i_i_0_not_5_fu_1850_p2   |    xor   |      0|  0|   6|           1|           2|
    |signbit_i_i_0_not_6_fu_2064_p2   |    xor   |      0|  0|   6|           1|           2|
    |signbit_i_i_0_not_7_fu_2162_p2   |    xor   |      0|  0|   6|           1|           2|
    |signbit_i_i_0_not_8_fu_2376_p2   |    xor   |      0|  0|   6|           1|           2|
    |signbit_i_i_0_not_9_fu_2474_p2   |    xor   |      0|  0|   6|           1|           2|
    |signbit_i_i_0_not_fu_1128_p2     |    xor   |      0|  0|   6|           1|           2|
    |signbit_i_i_0_not_s_fu_2688_p2   |    xor   |      0|  0|   6|           1|           2|
    |tmp_22_fu_1114_p2                |    xor   |      0|  0|   6|           1|           2|
    |tmp_33_10_fu_2768_p2             |    xor   |      0|  0|   6|           1|           2|
    |tmp_33_11_fu_2986_p2             |    xor   |      0|  0|   6|           1|           2|
    |tmp_33_12_fu_3080_p2             |    xor   |      0|  0|   6|           1|           2|
    |tmp_33_13_fu_3298_p2             |    xor   |      0|  0|   6|           1|           2|
    |tmp_33_14_fu_3392_p2             |    xor   |      0|  0|   6|           1|           2|
    |tmp_33_15_fu_3610_p2             |    xor   |      0|  0|   6|           1|           2|
    |tmp_33_16_fu_3704_p2             |    xor   |      0|  0|   6|           1|           2|
    |tmp_33_17_fu_3922_p2             |    xor   |      0|  0|   6|           1|           2|
    |tmp_33_18_fu_4016_p2             |    xor   |      0|  0|   6|           1|           2|
    |tmp_33_19_fu_4234_p2             |    xor   |      0|  0|   6|           1|           2|
    |tmp_33_1_fu_1208_p2              |    xor   |      0|  0|   6|           1|           2|
    |tmp_33_20_fu_4328_p2             |    xor   |      0|  0|   6|           1|           2|
    |tmp_33_21_fu_4546_p2             |    xor   |      0|  0|   6|           1|           2|
    |tmp_33_22_fu_4640_p2             |    xor   |      0|  0|   6|           1|           2|
    |tmp_33_23_fu_4858_p2             |    xor   |      0|  0|   6|           1|           2|
    |tmp_33_24_fu_4952_p2             |    xor   |      0|  0|   6|           1|           2|
    |tmp_33_25_fu_5170_p2             |    xor   |      0|  0|   6|           1|           2|
    |tmp_33_26_fu_5264_p2             |    xor   |      0|  0|   6|           1|           2|
    |tmp_33_27_fu_5482_p2             |    xor   |      0|  0|   6|           1|           2|
    |tmp_33_28_fu_5576_p2             |    xor   |      0|  0|   6|           1|           2|
    |tmp_33_29_fu_5794_p2             |    xor   |      0|  0|   6|           1|           2|
    |tmp_33_2_fu_1426_p2              |    xor   |      0|  0|   6|           1|           2|
    |tmp_33_30_fu_5888_p2             |    xor   |      0|  0|   6|           1|           2|
    |tmp_33_31_fu_6112_p2             |    xor   |      0|  0|   6|           1|           2|
    |tmp_33_32_fu_6206_p2             |    xor   |      0|  0|   6|           1|           2|
    |tmp_33_33_fu_6374_p2             |    xor   |      0|  0|   6|           1|           2|
    |tmp_33_34_fu_6468_p2             |    xor   |      0|  0|   6|           1|           2|
    |tmp_33_3_fu_1520_p2              |    xor   |      0|  0|   6|           1|           2|
    |tmp_33_4_fu_1738_p2              |    xor   |      0|  0|   6|           1|           2|
    |tmp_33_5_fu_1832_p2              |    xor   |      0|  0|   6|           1|           2|
    |tmp_33_6_fu_2050_p2              |    xor   |      0|  0|   6|           1|           2|
    |tmp_33_7_fu_2144_p2              |    xor   |      0|  0|   6|           1|           2|
    |tmp_33_8_fu_2362_p2              |    xor   |      0|  0|   6|           1|           2|
    |tmp_33_9_fu_2456_p2              |    xor   |      0|  0|   6|           1|           2|
    |tmp_33_s_fu_2674_p2              |    xor   |      0|  0|   6|           1|           2|
    +---------------------------------+----------+-------+---+----+------------+------------+
    |Total                            |          |      0|  0|6666|        2358|        3121|
    +---------------------------------+----------+-------+---+----+------------+------------+

    * Multiplexer: 
    +----------------------------+-----+-----------+-----+-----------+
    |            Name            | LUT | Input Size| Bits| Total Bits|
    +----------------------------+-----+-----------+-----+-----------+
    |ap_NS_fsm                   |  113|         24|    1|         24|
    |ap_done                     |    9|          2|    1|          2|
    |dense_1_weights_V_address0  |   93|         19|   17|        323|
    |dense_1_weights_V_address1  |   93|         19|   17|        323|
    |i_reg_792                   |    9|          2|   10|         20|
    |input_V_address0            |   93|         19|   10|        190|
    |input_V_address1            |   93|         19|   10|        190|
    |p_Val2_s_32_reg_782         |    9|          2|    8|         16|
    |p_reg_770                   |    9|          2|    7|         14|
    +----------------------------+-----+-----------+-----+-----------+
    |Total                       |  521|        108|   81|       1102|
    +----------------------------+-----+-----------+-----+-----------+

    * Register: 
    +-----------------------------+----+----+-----+-----------+
    |             Name            | FF | LUT| Bits| Const Bits|
    +-----------------------------+----+----+-----+-----------+
    |ap_CS_fsm                    |  23|   0|   23|          0|
    |ap_done_reg                  |   1|   0|    1|          0|
    |i_4_35_reg_7458              |  10|   0|   10|          0|
    |i_reg_792                    |  10|   0|   10|          0|
    |inner_state_V_7_11_reg_6915  |   8|   0|    8|          0|
    |inner_state_V_7_13_reg_6965  |   8|   0|    8|          0|
    |inner_state_V_7_15_reg_7015  |   8|   0|    8|          0|
    |inner_state_V_7_17_reg_7065  |   8|   0|    8|          0|
    |inner_state_V_7_19_reg_7115  |   8|   0|    8|          0|
    |inner_state_V_7_21_reg_7165  |   8|   0|    8|          0|
    |inner_state_V_7_23_reg_7215  |   8|   0|    8|          0|
    |inner_state_V_7_25_reg_7265  |   8|   0|    8|          0|
    |inner_state_V_7_27_reg_7315  |   8|   0|    8|          0|
    |inner_state_V_7_29_reg_7365  |   8|   0|    8|          0|
    |inner_state_V_7_2_reg_6665   |   8|   0|    8|          0|
    |inner_state_V_7_31_reg_7415  |   8|   0|    8|          0|
    |inner_state_V_7_33_reg_7470  |   8|   0|    8|          0|
    |inner_state_V_7_4_reg_6715   |   8|   0|    8|          0|
    |inner_state_V_7_6_reg_6765   |   8|   0|    8|          0|
    |inner_state_V_7_8_reg_6815   |   8|   0|    8|          0|
    |inner_state_V_7_reg_6615     |   8|   0|    8|          0|
    |inner_state_V_7_s_reg_6865   |   8|   0|    8|          0|
    |p_3_reg_6525                 |   7|   0|    7|          0|
    |p_Val2_s_32_reg_782          |   8|   0|    8|          0|
    |p_reg_770                    |   7|   0|    7|          0|
    |tmp_100_reg_6621             |   1|   0|    1|          0|
    |tmp_101_reg_6633             |   1|   0|    1|          0|
    |tmp_105_reg_6658             |   1|   0|    1|          0|
    |tmp_106_reg_6671             |   1|   0|    1|          0|
    |tmp_107_reg_6683             |   1|   0|    1|          0|
    |tmp_111_reg_6708             |   1|   0|    1|          0|
    |tmp_112_reg_6721             |   1|   0|    1|          0|
    |tmp_113_reg_6733             |   1|   0|    1|          0|
    |tmp_117_reg_6758             |   1|   0|    1|          0|
    |tmp_118_reg_6771             |   1|   0|    1|          0|
    |tmp_119_reg_6783             |   1|   0|    1|          0|
    |tmp_123_reg_6808             |   1|   0|    1|          0|
    |tmp_124_reg_6821             |   1|   0|    1|          0|
    |tmp_125_reg_6833             |   1|   0|    1|          0|
    |tmp_129_reg_6858             |   1|   0|    1|          0|
    |tmp_130_reg_6871             |   1|   0|    1|          0|
    |tmp_131_reg_6883             |   1|   0|    1|          0|
    |tmp_135_reg_6908             |   1|   0|    1|          0|
    |tmp_136_reg_6921             |   1|   0|    1|          0|
    |tmp_137_reg_6933             |   1|   0|    1|          0|
    |tmp_141_reg_6958             |   1|   0|    1|          0|
    |tmp_142_reg_6971             |   1|   0|    1|          0|
    |tmp_143_reg_6983             |   1|   0|    1|          0|
    |tmp_147_reg_7008             |   1|   0|    1|          0|
    |tmp_148_reg_7021             |   1|   0|    1|          0|
    |tmp_149_reg_7033             |   1|   0|    1|          0|
    |tmp_153_reg_7058             |   1|   0|    1|          0|
    |tmp_154_reg_7071             |   1|   0|    1|          0|
    |tmp_155_reg_7083             |   1|   0|    1|          0|
    |tmp_159_reg_7108             |   1|   0|    1|          0|
    |tmp_160_reg_7121             |   1|   0|    1|          0|
    |tmp_161_reg_7133             |   1|   0|    1|          0|
    |tmp_165_reg_7158             |   1|   0|    1|          0|
    |tmp_166_reg_7171             |   1|   0|    1|          0|
    |tmp_167_reg_7183             |   1|   0|    1|          0|
    |tmp_171_reg_7208             |   1|   0|    1|          0|
    |tmp_172_reg_7221             |   1|   0|    1|          0|
    |tmp_173_reg_7233             |   1|   0|    1|          0|
    |tmp_177_reg_7258             |   1|   0|    1|          0|
    |tmp_178_reg_7271             |   1|   0|    1|          0|
    |tmp_179_reg_7283             |   1|   0|    1|          0|
    |tmp_183_reg_7308             |   1|   0|    1|          0|
    |tmp_184_reg_7321             |   1|   0|    1|          0|
    |tmp_185_reg_7333             |   1|   0|    1|          0|
    |tmp_189_reg_7358             |   1|   0|    1|          0|
    |tmp_190_reg_7371             |   1|   0|    1|          0|
    |tmp_191_reg_7383             |   1|   0|    1|          0|
    |tmp_195_reg_7408             |   1|   0|    1|          0|
    |tmp_196_reg_7421             |   1|   0|    1|          0|
    |tmp_197_reg_7433             |   1|   0|    1|          0|
    |tmp_201_reg_7463             |   1|   0|    1|          0|
    |tmp_202_reg_7476             |   1|   0|    1|          0|
    |tmp_203_reg_7488             |   1|   0|    1|          0|
    |tmp_24_reg_6628              |   7|   0|    7|          0|
    |tmp_25_reg_6540              |  11|   0|   17|          6|
    |tmp_28_reg_6678              |   7|   0|    7|          0|
    |tmp_32_reg_6728              |   7|   0|    7|          0|
    |tmp_36_reg_6778              |   7|   0|    7|          0|
    |tmp_40_reg_6828              |   7|   0|    7|          0|
    |tmp_44_reg_6878              |   7|   0|    7|          0|
    |tmp_48_reg_6928              |   7|   0|    7|          0|
    |tmp_52_reg_6978              |   7|   0|    7|          0|
    |tmp_56_reg_7028              |   7|   0|    7|          0|
    |tmp_60_reg_7078              |   7|   0|    7|          0|
    |tmp_64_reg_7128              |   7|   0|    7|          0|
    |tmp_68_reg_7178              |   7|   0|    7|          0|
    |tmp_72_reg_7228              |   7|   0|    7|          0|
    |tmp_76_reg_7278              |   7|   0|    7|          0|
    |tmp_80_reg_7328              |   7|   0|    7|          0|
    |tmp_84_reg_7378              |   7|   0|    7|          0|
    |tmp_88_reg_7428              |   7|   0|    7|          0|
    |tmp_92_reg_7483              |   7|   0|    7|          0|
    |tmp_99_reg_6608              |   1|   0|    1|          0|
    |tmp_reg_6530                 |   7|   0|   64|         57|
    +-----------------------------+----+----+-----+-----------+
    |Total                        | 408|   0|  471|         63|
    +-----------------------------+----+----+-----+-----------+



================================================================
== Interface
================================================================
* Summary: 
+-------------------+-----+-----+------------+--------------+--------------+
|     RTL Ports     | Dir | Bits|  Protocol  | Source Object|    C Type    |
+-------------------+-----+-----+------------+--------------+--------------+
|ap_clk             |  in |    1| ap_ctrl_hs | dense_layer1 | return value |
|ap_rst             |  in |    1| ap_ctrl_hs | dense_layer1 | return value |
|ap_start           |  in |    1| ap_ctrl_hs | dense_layer1 | return value |
|ap_done            | out |    1| ap_ctrl_hs | dense_layer1 | return value |
|ap_continue        |  in |    1| ap_ctrl_hs | dense_layer1 | return value |
|ap_idle            | out |    1| ap_ctrl_hs | dense_layer1 | return value |
|ap_ready           | out |    1| ap_ctrl_hs | dense_layer1 | return value |
|input_V_address0   | out |   10|  ap_memory |    input_V   |     array    |
|input_V_ce0        | out |    1|  ap_memory |    input_V   |     array    |
|input_V_q0         |  in |    8|  ap_memory |    input_V   |     array    |
|input_V_address1   | out |   10|  ap_memory |    input_V   |     array    |
|input_V_ce1        | out |    1|  ap_memory |    input_V   |     array    |
|input_V_q1         |  in |    8|  ap_memory |    input_V   |     array    |
|output_V_address0  | out |    7|  ap_memory |   output_V   |     array    |
|output_V_ce0       | out |    1|  ap_memory |   output_V   |     array    |
|output_V_we0       | out |    1|  ap_memory |   output_V   |     array    |
|output_V_d0        | out |    7|  ap_memory |   output_V   |     array    |
+-------------------+-----+-----+------------+--------------+--------------+

