

================================================================
== Vivado HLS Report for 'conv_layer2'
================================================================
* Date:           Mon Mar 30 23:34:06 2020

* Version:        2018.3 (Build 2405991 on Thu Dec 06 23:56:15 MST 2018)
* Project:        ER_lenet
* Solution:       Pipeline7
* Product family: kintex7
* Target device:  xc7k160tfbg484-1


================================================================
== Performance Estimates
================================================================
+ Timing (ns): 
    * Summary: 
    +--------+-------+----------+------------+
    |  Clock | Target| Estimated| Uncertainty|
    +--------+-------+----------+------------+
    |ap_clk  |  10.00|     8.616|        1.25|
    +--------+-------+----------+------------+

+ Latency (clock cycles): 
    * Summary: 
    +-------+-------+-------+-------+---------+
    |    Latency    |    Interval   | Pipeline|
    |  min  |  max  |  min  |  max  |   Type  |
    +-------+-------+-------+-------+---------+
    |  54241|  54241|  54241|  54241|   none  |
    +-------+-------+-------+-------+---------+

    + Detail: 
        * Instance: 
        N/A

        * Loop: 
        +----------------------------------------------------------------------------------+-------+-------+----------+-----------+-----------+------+----------+
        |                                                                                  |    Latency    | Iteration|  Initiation Interval  | Trip |          |
        |                                     Loop Name                                    |  min  |  max  |  Latency |  achieved |   target  | Count| Pipelined|
        +----------------------------------------------------------------------------------+-------+-------+----------+-----------+-----------+------+----------+
        |- conv_layer2_neurons_loop                                                        |  54240|  54240|      3390|          -|          -|    16|    no    |
        | + conv_layer2_kernel_0_loop_conv_layer2_kernel_1_loop_conv_layer2_kernel_2_loop  |   3046|   3046|         8|          3|          1|  1014|    yes   |
        | + conv_layer2_relu_outer_loop_conv_layer2_relu_inner_loop                        |    338|    338|         2|          2|          1|   169|    yes   |
        +----------------------------------------------------------------------------------+-------+-------+----------+-----------+-----------+------+----------+



================================================================
== Utilization Estimates
================================================================
* Summary: 
+-----------------+---------+-------+--------+--------+
|       Name      | BRAM_18K| DSP48E|   FF   |   LUT  |
+-----------------+---------+-------+--------+--------+
|DSP              |        -|      -|       -|       -|
|Expression       |        -|      0|       0|    3434|
|FIFO             |        -|      -|       -|       -|
|Instance         |        -|      -|       -|       -|
|Memory           |        0|      -|      37|      54|
|Multiplexer      |        -|      -|       -|     464|
|Register         |        0|      -|     919|      96|
+-----------------+---------+-------+--------+--------+
|Total            |        0|      0|     956|    4048|
+-----------------+---------+-------+--------+--------+
|Available        |      650|    600|  202800|  101400|
+-----------------+---------+-------+--------+--------+
|Utilization (%)  |        0|      0|   ~0   |       3|
+-----------------+---------+-------+--------+--------+

+ Detail: 
    * Instance: 
    N/A

    * DSP48: 
    N/A

    * Memory: 
    +------------------------+----------------------------------+---------+---+----+------+-----+------+-------------+
    |         Memory         |              Module              | BRAM_18K| FF| LUT| Words| Bits| Banks| W*Bits*Banks|
    +------------------------+----------------------------------+---------+---+----+------+-----+------+-------------+
    |conv_2_biases_V_U       |conv_layer2_conv_2_biases_V       |        0|  2|   1|    16|    2|     1|           32|
    |conv_2_weights_V_0_0_U  |conv_layer2_conv_2_weights_V_0_0  |        0|  4|   6|    96|    4|     1|          384|
    |conv_2_weights_V_0_1_U  |conv_layer2_conv_2_weights_V_0_1  |        0|  3|   5|    96|    3|     1|          288|
    |conv_2_weights_V_0_2_U  |conv_layer2_conv_2_weights_V_0_2  |        0|  4|   6|    96|    4|     1|          384|
    |conv_2_weights_V_1_0_U  |conv_layer2_conv_2_weights_V_1_0  |        0|  4|   6|    96|    4|     1|          384|
    |conv_2_weights_V_1_1_U  |conv_layer2_conv_2_weights_V_1_1  |        0|  4|   6|    96|    4|     1|          384|
    |conv_2_weights_V_1_2_U  |conv_layer2_conv_2_weights_V_1_2  |        0|  4|   6|    96|    4|     1|          384|
    |conv_2_weights_V_2_0_U  |conv_layer2_conv_2_weights_V_2_0  |        0|  4|   6|    96|    4|     1|          384|
    |conv_2_weights_V_2_1_U  |conv_layer2_conv_2_weights_V_2_1  |        0|  4|   6|    96|    4|     1|          384|
    |conv_2_weights_V_2_2_U  |conv_layer2_conv_2_weights_V_2_2  |        0|  4|   6|    96|    4|     1|          384|
    +------------------------+----------------------------------+---------+---+----+------+-----+------+-------------+
    |Total                   |                                  |        0| 37|  54|   880|   37|    10|         3392|
    +------------------------+----------------------------------+---------+---+----+------+-----+------+-------------+

    * FIFO: 
    N/A

    * Expression: 
    +-------------------------------------+----------+-------+---+----+------------+------------+
    |            Variable Name            | Operation| DSP48E| FF| LUT| Bitwidth P0| Bitwidth P1|
    +-------------------------------------+----------+-------+---+----+------------+------------+
    |r_V_10_0_1_fu_1272_p2                |     *    |      0|  0|  49|           9|           3|
    |r_V_10_0_2_fu_1375_p2                |     *    |      0|  0|  49|           9|           4|
    |r_V_10_1_1_fu_1972_p2                |     *    |      0|  0|  49|           9|           4|
    |r_V_10_1_2_fu_2152_p2                |     *    |      0|  0|  49|           9|           4|
    |r_V_10_1_fu_1885_p2                  |     *    |      0|  0|  49|           9|           4|
    |r_V_10_2_1_fu_2721_p2                |     *    |      0|  0|  49|           9|           4|
    |r_V_10_2_2_fu_2803_p2                |     *    |      0|  0|  49|           9|           4|
    |r_V_10_2_fu_2634_p2                  |     *    |      0|  0|  49|           9|           4|
    |r_V_s_fu_1172_p2                     |     *    |      0|  0|  49|           9|           4|
    |accumulation_V_0_1_fu_1680_p2        |     +    |      0|  0|  15|           8|           8|
    |accumulation_V_0_2_fu_1867_p2        |     +    |      0|  0|  15|           8|           8|
    |accumulation_V_1_1_fu_2477_p2        |     +    |      0|  0|  15|           8|           8|
    |accumulation_V_1_2_fu_2975_p2        |     +    |      0|  0|  15|           8|           8|
    |accumulation_V_1_fu_2388_p2          |     +    |      0|  0|  15|           8|           8|
    |accumulation_V_2_1_fu_3317_p2        |     +    |      0|  0|  15|           8|           8|
    |accumulation_V_2_2_fu_3491_p2        |     +    |      0|  0|  15|           8|           8|
    |accumulation_V_2_fu_3141_p2          |     +    |      0|  0|  15|           8|           8|
    |col_1_fu_3879_p2                     |     +    |      0|  0|  13|           4|           1|
    |col_2_fu_1046_p2                     |     +    |      0|  0|  13|           1|           4|
    |indvar_flatten_next2_fu_3724_p2      |     +    |      0|  0|  15|           8|           1|
    |indvar_flatten_next3_fu_726_p2       |     +    |      0|  0|  17|          10|           1|
    |indvar_flatten_op_fu_851_p2          |     +    |      0|  0|  15|           8|           1|
    |ker_1_fu_732_p2                      |     +    |      0|  0|  12|           1|           3|
    |next_mul_fu_625_p2                   |     +    |      0|  0|  15|           8|           4|
    |p_4_fu_637_p2                        |     +    |      0|  0|  15|           5|           1|
    |p_Val2_19_fu_1216_p2                 |     +    |      0|  0|  15|           8|           8|
    |p_Val2_24_0_1_fu_1316_p2             |     +    |      0|  0|  15|           8|           8|
    |p_Val2_24_0_2_fu_1419_p2             |     +    |      0|  0|  15|           8|           8|
    |p_Val2_24_1_1_fu_2016_p2             |     +    |      0|  0|  15|           8|           8|
    |p_Val2_24_1_2_fu_2196_p2             |     +    |      0|  0|  15|           8|           8|
    |p_Val2_24_1_fu_1929_p2               |     +    |      0|  0|  15|           8|           8|
    |p_Val2_24_2_1_fu_2765_p2             |     +    |      0|  0|  15|           8|           8|
    |p_Val2_24_2_2_fu_2847_p2             |     +    |      0|  0|  15|           8|           8|
    |p_Val2_24_2_fu_2678_p2               |     +    |      0|  0|  15|           8|           8|
    |p_Val2_27_fu_694_p2                  |     +    |      0|  0|  10|           2|           2|
    |p_Val2_29_fu_3649_p2                 |     +    |      0|  0|  15|           8|           8|
    |p_Val2_32_fu_3586_p2                 |     +    |      0|  0|  15|           8|           8|
    |ret_V_0_1_fu_1666_p2                 |     +    |      0|  0|  16|           9|           9|
    |ret_V_0_2_fu_1853_p2                 |     +    |      0|  0|  16|           9|           9|
    |ret_V_1_1_fu_2463_p2                 |     +    |      0|  0|  16|           9|           9|
    |ret_V_1_2_fu_2961_p2                 |     +    |      0|  0|  16|           9|           9|
    |ret_V_1_fu_2374_p2                   |     +    |      0|  0|  16|           9|           9|
    |ret_V_2_1_fu_3303_p2                 |     +    |      0|  0|  16|           9|           9|
    |ret_V_2_2_fu_3477_p2                 |     +    |      0|  0|  16|           9|           9|
    |ret_V_2_fu_3127_p2                   |     +    |      0|  0|  16|           9|           9|
    |ret_V_3_fu_3572_p2                   |     +    |      0|  0|  16|           9|           9|
    |ret_V_fu_3636_p2                     |     +    |      0|  0|  16|           9|           9|
    |row_1_fu_3730_p2                     |     +    |      0|  0|  13|           1|           4|
    |row_2_dup_fu_817_p2                  |     +    |      0|  0|  13|           1|           4|
    |row_2_fu_714_p2                      |     +    |      0|  0|  13|           4|           1|
    |row_2_mid1_fu_1100_p2                |     +    |      0|  0|  13|           2|           4|
    |tmp_101_fu_3826_p2                   |     +    |      0|  0|  11|          12|          12|
    |tmp_102_fu_3837_p2                   |     +    |      0|  0|  11|          12|          12|
    |tmp_24_fu_708_p2                     |     +    |      0|  0|  13|           4|           2|
    |tmp_28_fu_966_p2                     |     +    |      0|  0|  13|           2|           4|
    |tmp_30_mid2_v_fu_784_p2              |     +    |      0|  0|  15|           8|           8|
    |tmp_36_fu_893_p2                     |     +    |      0|  0|  71|          64|          64|
    |tmp_46_fu_2884_p2                    |     +    |      0|  0|  15|           8|           8|
    |tmp_51_fu_934_p2                     |     +    |      0|  0|  71|          64|          64|
    |tmp_56_fu_1116_p2                    |     +    |      0|  0|  71|          64|          64|
    |tmp_65_fu_994_p2                     |     +    |      0|  0|  18|          11|          11|
    |tmp_66_fu_1154_p2                    |     +    |      0|  0|  18|          11|          11|
    |tmp_67_fu_1163_p2                    |     +    |      0|  0|  18|          11|          11|
    |tmp_68_fu_2933_p2                    |     +    |      0|  0|  11|          12|          12|
    |tmp_69_fu_2944_p2                    |     +    |      0|  0|  11|          12|          12|
    |tmp_78_fu_1024_p2                    |     +    |      0|  0|  18|          11|          11|
    |tmp_79_fu_1035_p2                    |     +    |      0|  0|  18|          11|          11|
    |tmp_80_fu_1258_p2                    |     +    |      0|  0|  18|          11|          11|
    |tmp_92_fu_1074_p2                    |     +    |      0|  0|  18|          11|          11|
    |tmp_93_fu_1357_p2                    |     +    |      0|  0|  18|          11|          11|
    |tmp_94_fu_1366_p2                    |     +    |      0|  0|  18|          11|          11|
    |tmp_95_fu_3762_p2                    |     +    |      0|  0|  15|           8|           8|
    |tmp_100_fu_3802_p2                   |     -    |      0|  0|  11|          12|          12|
    |tmp_29_fu_668_p2                     |     -    |      0|  0|  15|           8|           8|
    |tmp_30_fu_871_p2                     |     -    |      0|  0|  71|          64|          64|
    |tmp_45_fu_919_p2                     |     -    |      0|  0|  18|          11|          11|
    |tmp_48_fu_2906_p2                    |     -    |      0|  0|  11|          12|          12|
    |tmp_50_fu_2924_p2                    |     -    |      0|  0|  11|          12|          12|
    |tmp_55_fu_960_p2                     |     -    |      0|  0|  18|          11|          11|
    |tmp_60_fu_1141_p2                    |     -    |      0|  0|  18|          11|          11|
    |tmp_97_fu_3784_p2                    |     -    |      0|  0|  11|          12|          12|
    |brmerge866_demorgan_1_40_fu_2307_p2  |    and   |      0|  0|   6|           1|           1|
    |brmerge866_demorgan_1_fu_1785_p2     |    and   |      0|  0|   6|           1|           1|
    |brmerge866_demorgan_2_41_fu_3060_p2  |    and   |      0|  0|   6|           1|           1|
    |brmerge866_demorgan_2_fu_2082_p2     |    and   |      0|  0|   6|           1|           1|
    |brmerge866_demorgan_3_fu_2570_p2     |    and   |      0|  0|   6|           1|           1|
    |brmerge866_demorgan_4_fu_3235_p2     |    and   |      0|  0|   6|           1|           1|
    |brmerge866_demorgan_5_fu_3411_p2     |    and   |      0|  0|   6|           1|           1|
    |brmerge866_demorgan_fu_1512_p2       |    and   |      0|  0|   6|           1|           1|
    |brmerge866_demorgan_s_fu_1598_p2     |    and   |      0|  0|   6|           1|           1|
    |carry_1_0_1_fu_1336_p2               |    and   |      0|  0|   6|           1|           1|
    |carry_1_0_2_fu_1439_p2               |    and   |      0|  0|   6|           1|           1|
    |carry_1_1_1_fu_2036_p2               |    and   |      0|  0|   6|           1|           1|
    |carry_1_1_2_fu_2216_p2               |    and   |      0|  0|   6|           1|           1|
    |carry_1_1_fu_1949_p2                 |    and   |      0|  0|   6|           1|           1|
    |carry_1_2_1_fu_2785_p2               |    and   |      0|  0|   6|           1|           1|
    |carry_1_2_2_fu_2867_p2               |    and   |      0|  0|   6|           1|           1|
    |carry_1_2_fu_2698_p2                 |    and   |      0|  0|   6|           1|           1|
    |carry_1_fu_1236_p2                   |    and   |      0|  0|   6|           1|           1|
    |exitcond9_mid_fu_811_p2              |    and   |      0|  0|   6|           1|           1|
    |overflow6_fu_1506_p2                 |    and   |      0|  0|   6|           1|           1|
    |overflow_0_1_fu_1592_p2              |    and   |      0|  0|   6|           1|           1|
    |overflow_0_2_fu_1779_p2              |    and   |      0|  0|   6|           1|           1|
    |overflow_1_1_fu_2076_p2              |    and   |      0|  0|   6|           1|           1|
    |overflow_1_2_fu_2564_p2              |    and   |      0|  0|   6|           1|           1|
    |overflow_1_fu_2302_p2                |    and   |      0|  0|   6|           1|           1|
    |overflow_2_1_fu_3229_p2              |    and   |      0|  0|   6|           1|           1|
    |overflow_2_2_fu_3405_p2              |    and   |      0|  0|   6|           1|           1|
    |overflow_2_fu_3055_p2                |    and   |      0|  0|   6|           1|           1|
    |overflow_fu_3608_p2                  |    and   |      0|  0|   6|           1|           1|
    |underflow6_fu_1528_p2                |    and   |      0|  0|   6|           1|           1|
    |underflow_0_1_fu_1614_p2             |    and   |      0|  0|   6|           1|           1|
    |underflow_0_2_fu_1801_p2             |    and   |      0|  0|   6|           1|           1|
    |underflow_1_1_fu_2100_p2             |    and   |      0|  0|   6|           1|           1|
    |underflow_1_2_fu_2586_p2             |    and   |      0|  0|   6|           1|           1|
    |underflow_1_fu_2323_p2               |    and   |      0|  0|   6|           1|           1|
    |underflow_2_1_fu_3251_p2             |    and   |      0|  0|   6|           1|           1|
    |underflow_2_2_fu_3427_p2             |    and   |      0|  0|   6|           1|           1|
    |underflow_2_fu_3076_p2               |    and   |      0|  0|   6|           1|           1|
    |underflow_4_fu_3620_p2               |    and   |      0|  0|   6|           1|           1|
    |underflow_9_0_1_fu_1700_p2           |    and   |      0|  0|   6|           1|           1|
    |underflow_9_0_2_fu_2247_p2           |    and   |      0|  0|   6|           1|           1|
    |underflow_9_1_1_fu_2496_p2           |    and   |      0|  0|   6|           1|           1|
    |underflow_9_1_2_fu_2993_p2           |    and   |      0|  0|   6|           1|           1|
    |underflow_9_1_fu_2408_p2             |    and   |      0|  0|   6|           1|           1|
    |underflow_9_2_1_fu_3337_p2           |    and   |      0|  0|   6|           1|           1|
    |underflow_9_2_2_fu_3509_p2           |    and   |      0|  0|   6|           1|           1|
    |underflow_9_2_fu_3161_p2             |    and   |      0|  0|   6|           1|           1|
    |underflow_fu_3668_p2                 |    and   |      0|  0|   6|           1|           1|
    |exitcond1_fu_3736_p2                 |   icmp   |      0|  0|   9|           4|           3|
    |exitcond5_fu_631_p2                  |   icmp   |      0|  0|  11|           5|           6|
    |exitcond_flatten2_fu_720_p2          |   icmp   |      0|  0|  13|          10|           5|
    |exitcond_flatten3_fu_3718_p2         |   icmp   |      0|  0|  11|           8|           8|
    |exitcond_flatten_fu_738_p2           |   icmp   |      0|  0|  11|           8|           8|
    |exitcond_fu_805_p2                   |   icmp   |      0|  0|   9|           4|           3|
    |tmp_29_mid1_fu_760_p2                |   icmp   |      0|  0|   9|           3|           1|
    |tmp_31_fu_766_p2                     |   icmp   |      0|  0|   9|           3|           1|
    |tmp_34_fu_3859_p2                    |   icmp   |      0|  0|  11|           8|           1|
    |brmerge14_fu_1533_p2                 |    or    |      0|  0|   6|           1|           1|
    |brmerge16_fu_3686_p2                 |    or    |      0|  0|   6|           1|           1|
    |brmerge28_0_1_fu_1619_p2             |    or    |      0|  0|   6|           1|           1|
    |brmerge28_0_2_fu_1806_p2             |    or    |      0|  0|   6|           1|           1|
    |brmerge28_1_1_fu_2106_p2             |    or    |      0|  0|   6|           1|           1|
    |brmerge28_1_2_fu_2591_p2             |    or    |      0|  0|   6|           1|           1|
    |brmerge28_1_fu_2328_p2               |    or    |      0|  0|   6|           1|           1|
    |brmerge28_2_1_fu_3256_p2             |    or    |      0|  0|   6|           1|           1|
    |brmerge28_2_2_fu_3432_p2             |    or    |      0|  0|   6|           1|           1|
    |brmerge28_2_fu_3081_p2               |    or    |      0|  0|   6|           1|           1|
    |brmerge32_0_1_fu_1718_p2             |    or    |      0|  0|   6|           1|           1|
    |brmerge32_0_2_fu_2261_p2             |    or    |      0|  0|   6|           1|           1|
    |brmerge32_1_1_fu_2514_p2             |    or    |      0|  0|   6|           1|           1|
    |brmerge32_1_2_fu_3011_p2             |    or    |      0|  0|   6|           1|           1|
    |brmerge32_1_fu_2426_p2               |    or    |      0|  0|   6|           1|           1|
    |brmerge32_2_1_fu_3355_p2             |    or    |      0|  0|   6|           1|           1|
    |brmerge32_2_2_fu_3527_p2             |    or    |      0|  0|   6|           1|           1|
    |brmerge32_2_fu_3179_p2               |    or    |      0|  0|   6|           1|           1|
    |brmerge_0_1_fu_1587_p2               |    or    |      0|  0|   6|           1|           1|
    |brmerge_0_2_fu_1774_p2               |    or    |      0|  0|   6|           1|           1|
    |brmerge_1_1_fu_2070_p2               |    or    |      0|  0|   6|           1|           1|
    |brmerge_1_2_fu_2559_p2               |    or    |      0|  0|   6|           1|           1|
    |brmerge_1_fu_2297_p2                 |    or    |      0|  0|   6|           1|           1|
    |brmerge_2_1_fu_3224_p2               |    or    |      0|  0|   6|           1|           1|
    |brmerge_2_2_fu_3400_p2               |    or    |      0|  0|   6|           1|           1|
    |brmerge_2_fu_3050_p2                 |    or    |      0|  0|   6|           1|           1|
    |brmerge_fu_1501_p2                   |    or    |      0|  0|   6|           1|           1|
    |p_895_not_0_1_fu_1631_p2             |    or    |      0|  0|   6|           1|           1|
    |p_895_not_0_2_fu_1818_p2             |    or    |      0|  0|   6|           1|           1|
    |p_895_not_1_1_fu_2118_p2             |    or    |      0|  0|   6|           1|           1|
    |p_895_not_1_2_fu_2603_p2             |    or    |      0|  0|   6|           1|           1|
    |p_895_not_1_fu_2339_p2               |    or    |      0|  0|   6|           1|           1|
    |p_895_not_2_1_fu_3268_p2             |    or    |      0|  0|   6|           1|           1|
    |p_895_not_2_2_fu_3444_p2             |    or    |      0|  0|   6|           1|           1|
    |p_895_not_2_fu_3092_p2               |    or    |      0|  0|   6|           1|           1|
    |p_895_not_fu_1545_p2                 |    or    |      0|  0|   6|           1|           1|
    |tmp10_fu_2112_p2                     |    or    |      0|  0|   6|           1|           1|
    |tmp11_demorgan_fu_2575_p2            |    or    |      0|  0|   6|           1|           1|
    |tmp12_fu_2597_p2                     |    or    |      0|  0|   6|           1|           1|
    |tmp13_demorgan_fu_3065_p2            |    or    |      0|  0|   6|           1|           1|
    |tmp14_fu_3087_p2                     |    or    |      0|  0|   6|           1|           1|
    |tmp15_demorgan_fu_3240_p2            |    or    |      0|  0|   6|           1|           1|
    |tmp16_fu_3262_p2                     |    or    |      0|  0|   6|           1|           1|
    |tmp17_demorgan_fu_3416_p2            |    or    |      0|  0|   6|           1|           1|
    |tmp18_fu_3438_p2                     |    or    |      0|  0|   6|           1|           1|
    |tmp1_demorgan_fu_1517_p2             |    or    |      0|  0|   6|           1|           1|
    |tmp2_fu_1539_p2                      |    or    |      0|  0|   6|           1|           1|
    |tmp3_demorgan_fu_1603_p2             |    or    |      0|  0|   6|           1|           1|
    |tmp4_fu_1625_p2                      |    or    |      0|  0|   6|           1|           1|
    |tmp5_demorgan_fu_1790_p2             |    or    |      0|  0|   6|           1|           1|
    |tmp6_fu_1812_p2                      |    or    |      0|  0|   6|           1|           1|
    |tmp7_demorgan_fu_2312_p2             |    or    |      0|  0|   6|           1|           1|
    |tmp8_fu_2334_p2                      |    or    |      0|  0|   6|           1|           1|
    |tmp9_demorgan_fu_2088_p2             |    or    |      0|  0|   6|           1|           1|
    |tmp_35_fu_823_p2                     |    or    |      0|  0|   6|           1|           1|
    |col2_mid2_fu_3742_p3                 |  select  |      0|  0|   4|           1|           1|
    |col_mid2_fu_829_p3                   |  select  |      0|  0|   4|           1|           1|
    |deleted_ones_0_1_fu_1577_p3          |  select  |      0|  0|   2|           1|           1|
    |deleted_ones_0_2_fu_1764_p3          |  select  |      0|  0|   2|           1|           1|
    |deleted_ones_1_1_fu_2056_p3          |  select  |      0|  0|   2|           1|           1|
    |deleted_ones_1_2_fu_2549_p3          |  select  |      0|  0|   2|           1|           1|
    |deleted_ones_1_fu_2288_p3            |  select  |      0|  0|   2|           1|           1|
    |deleted_ones_2_1_fu_3214_p3          |  select  |      0|  0|   2|           1|           1|
    |deleted_ones_2_2_fu_3390_p3          |  select  |      0|  0|   2|           1|           1|
    |deleted_ones_2_fu_3041_p3            |  select  |      0|  0|   2|           1|           1|
    |deleted_ones_fu_1491_p3              |  select  |      0|  0|   2|           1|           1|
    |grp_fu_604_p3                        |  select  |      0|  0|   9|           1|           9|
    |grp_fu_611_p3                        |  select  |      0|  0|   9|           1|           9|
    |grp_fu_618_p3                        |  select  |      0|  0|   9|           1|           9|
    |indvar_flatten_next_fu_1460_p3       |  select  |      0|  0|   8|           1|           1|
    |input_V_load_1_1_phi_fu_1453_p3      |  select  |      0|  0|   9|           1|           9|
    |output_V_load_phi_fu_3848_p3         |  select  |      0|  0|   8|           1|           8|
    |output_V_load_phi_s_fu_3865_p3       |  select  |      0|  0|   7|           1|           7|
    |p_0310_1_fu_3708_p3                  |  select  |      0|  0|   8|           1|           8|
    |p_0523_5_0_1_fu_1740_p3              |  select  |      0|  0|   8|           1|           8|
    |p_0523_5_0_2_fu_2280_p3              |  select  |      0|  0|   8|           1|           8|
    |p_0523_5_1_1_fu_2536_p3              |  select  |      0|  0|   8|           1|           8|
    |p_0523_5_1_2_fu_3033_p3              |  select  |      0|  0|   8|           1|           8|
    |p_0523_5_1_fu_2448_p3                |  select  |      0|  0|   8|           1|           8|
    |p_0523_5_2_1_fu_3377_p3              |  select  |      0|  0|   8|           1|           8|
    |p_0523_5_2_2_fu_3549_p3              |  select  |      0|  0|   8|           1|           8|
    |p_0523_5_2_fu_3201_p3                |  select  |      0|  0|   8|           1|           8|
    |p_0_1_fu_1643_p3                     |  select  |      0|  0|   9|           1|           9|
    |p_0_2_fu_1830_p3                     |  select  |      0|  0|   9|           1|           9|
    |p_1_1_fu_2132_p3                     |  select  |      0|  0|   9|           1|           9|
    |p_1_2_fu_2615_p3                     |  select  |      0|  0|   9|           1|           9|
    |p_1_fu_2351_p3                       |  select  |      0|  0|   9|           1|           9|
    |p_2_1_fu_3280_p3                     |  select  |      0|  0|   9|           1|           9|
    |p_2_2_fu_3456_p3                     |  select  |      0|  0|   9|           1|           9|
    |p_2_fu_3104_p3                       |  select  |      0|  0|   9|           1|           9|
    |p_3_fu_3700_p3                       |  select  |      0|  0|   9|           1|           9|
    |p_4_0_1_fu_1732_p3                   |  select  |      0|  0|   9|           1|           9|
    |p_4_0_2_fu_2273_p3                   |  select  |      0|  0|   9|           1|           9|
    |p_4_1_1_fu_2528_p3                   |  select  |      0|  0|   9|           1|           9|
    |p_4_1_2_fu_3025_p3                   |  select  |      0|  0|   9|           1|           9|
    |p_4_1_fu_2440_p3                     |  select  |      0|  0|   9|           1|           9|
    |p_4_2_1_fu_3369_p3                   |  select  |      0|  0|   9|           1|           9|
    |p_4_2_2_fu_3541_p3                   |  select  |      0|  0|   9|           1|           9|
    |p_4_2_fu_3193_p3                     |  select  |      0|  0|   9|           1|           9|
    |p_Val2_20_fu_1564_p3                 |  select  |      0|  0|   8|           1|           8|
    |p_Val2_25_0_1_fu_1650_p3             |  select  |      0|  0|   8|           1|           8|
    |p_Val2_25_0_2_fu_1837_p3             |  select  |      0|  0|   8|           1|           8|
    |p_Val2_25_1_1_fu_2140_p3             |  select  |      0|  0|   8|           1|           8|
    |p_Val2_25_1_2_fu_2622_p3             |  select  |      0|  0|   8|           1|           8|
    |p_Val2_25_1_fu_2358_p3               |  select  |      0|  0|   8|           1|           8|
    |p_Val2_25_2_1_fu_3287_p3             |  select  |      0|  0|   8|           1|           8|
    |p_Val2_25_2_2_fu_3463_p3             |  select  |      0|  0|   8|           1|           8|
    |p_Val2_25_2_fu_3111_p3               |  select  |      0|  0|   8|           1|           8|
    |p_Val2_30_fu_3557_p3                 |  select  |      0|  0|   8|           1|           8|
    |p_Val2_31_cast_fu_682_p3             |  select  |      0|  0|   2|           1|           2|
    |p_mux5_fu_3692_p3                    |  select  |      0|  0|   8|           1|           7|
    |p_mux6_0_1_fu_1724_p3                |  select  |      0|  0|   8|           1|           7|
    |p_mux6_0_2_fu_2266_p3                |  select  |      0|  0|   8|           1|           7|
    |p_mux6_1_1_fu_2520_p3                |  select  |      0|  0|   8|           1|           7|
    |p_mux6_1_2_fu_3017_p3                |  select  |      0|  0|   8|           1|           7|
    |p_mux6_1_fu_2432_p3                  |  select  |      0|  0|   8|           1|           7|
    |p_mux6_2_1_fu_3361_p3                |  select  |      0|  0|   8|           1|           7|
    |p_mux6_2_2_fu_3533_p3                |  select  |      0|  0|   8|           1|           7|
    |p_mux6_2_fu_3185_p3                  |  select  |      0|  0|   8|           1|           7|
    |p_mux_0_1_fu_1636_p3                 |  select  |      0|  0|   8|           1|           7|
    |p_mux_0_2_fu_1823_p3                 |  select  |      0|  0|   8|           1|           7|
    |p_mux_1_1_fu_2124_p3                 |  select  |      0|  0|   8|           1|           7|
    |p_mux_1_2_fu_2608_p3                 |  select  |      0|  0|   8|           1|           7|
    |p_mux_1_fu_2344_p3                   |  select  |      0|  0|   8|           1|           7|
    |p_mux_2_1_fu_3273_p3                 |  select  |      0|  0|   8|           1|           7|
    |p_mux_2_2_fu_3449_p3                 |  select  |      0|  0|   8|           1|           7|
    |p_mux_2_fu_3097_p3                   |  select  |      0|  0|   8|           1|           7|
    |p_mux_fu_1550_p3                     |  select  |      0|  0|   8|           1|           7|
    |p_s_fu_1557_p3                       |  select  |      0|  0|   9|           1|           9|
    |row_mid_fu_744_p3                    |  select  |      0|  0|   4|           1|           1|
    |tmp_29_mid2_fu_772_p3                |  select  |      0|  0|   2|           1|           1|
    |tmp_31_mid2_v_fu_3750_p3             |  select  |      0|  0|   4|           1|           4|
    |tmp_33_mid2_fu_883_p3                |  select  |      0|  0|   4|           1|           4|
    |tmp_33_mid_fu_877_p3                 |  select  |      0|  0|   4|           1|           1|
    |tmp_41_1_mid2_fu_925_p3              |  select  |      0|  0|   4|           1|           4|
    |tmp_41_2_mid2_fu_1105_p3             |  select  |      0|  0|   4|           1|           4|
    |tmp_41_2_mid_fu_1094_p3              |  select  |      0|  0|   4|           1|           2|
    |tmp_mid2_fu_752_p3                   |  select  |      0|  0|   3|           1|           3|
    |ap_enable_pp0                        |    xor   |      0|  0|   6|           1|           2|
    |brmerge15_fu_3674_p2                 |    xor   |      0|  0|   6|           1|           1|
    |brmerge17_fu_3626_p2                 |    xor   |      0|  0|   6|           1|           1|
    |brmerge31_0_1_fu_1706_p2             |    xor   |      0|  0|   6|           1|           1|
    |brmerge31_0_2_fu_2252_p2             |    xor   |      0|  0|   6|           1|           1|
    |brmerge31_1_1_fu_2502_p2             |    xor   |      0|  0|   6|           1|           1|
    |brmerge31_1_2_fu_2999_p2             |    xor   |      0|  0|   6|           1|           1|
    |brmerge31_1_fu_2414_p2               |    xor   |      0|  0|   6|           1|           1|
    |brmerge31_2_1_fu_3343_p2             |    xor   |      0|  0|   6|           1|           1|
    |brmerge31_2_2_fu_3515_p2             |    xor   |      0|  0|   6|           1|           1|
    |brmerge31_2_fu_3167_p2               |    xor   |      0|  0|   6|           1|           1|
    |not_exitcond_flatten_fu_799_p2       |    xor   |      0|  0|   6|           1|           2|
    |p_not_0_1_fu_1583_p2                 |    xor   |      0|  0|   6|           1|           1|
    |p_not_0_2_fu_1770_p2                 |    xor   |      0|  0|   6|           1|           1|
    |p_not_1_1_fu_2064_p2                 |    xor   |      0|  0|   6|           1|           1|
    |p_not_1_2_fu_2555_p2                 |    xor   |      0|  0|   6|           1|           1|
    |p_not_1_fu_2293_p2                   |    xor   |      0|  0|   6|           1|           1|
    |p_not_2_1_fu_3220_p2                 |    xor   |      0|  0|   6|           1|           1|
    |p_not_2_2_fu_3396_p2                 |    xor   |      0|  0|   6|           1|           1|
    |p_not_2_fu_3046_p2                   |    xor   |      0|  0|   6|           1|           1|
    |p_not_fu_1497_p2                     |    xor   |      0|  0|   6|           1|           1|
    |rev1_fu_1330_p2                      |    xor   |      0|  0|   6|           1|           2|
    |rev2_fu_1433_p2                      |    xor   |      0|  0|   6|           1|           2|
    |rev3_fu_1943_p2                      |    xor   |      0|  0|   6|           1|           2|
    |rev4_fu_2030_p2                      |    xor   |      0|  0|   6|           1|           2|
    |rev5_fu_2210_p2                      |    xor   |      0|  0|   6|           1|           2|
    |rev6_fu_2692_p2                      |    xor   |      0|  0|   6|           1|           2|
    |rev7_fu_2779_p2                      |    xor   |      0|  0|   6|           1|           2|
    |rev8_fu_2861_p2                      |    xor   |      0|  0|   6|           1|           2|
    |rev_fu_1230_p2                       |    xor   |      0|  0|   6|           1|           2|
    |signbit_i_i122_0_not_1_fu_2420_p2    |    xor   |      0|  0|   6|           1|           2|
    |signbit_i_i122_0_not_2_fu_3173_p2    |    xor   |      0|  0|   6|           1|           2|
    |signbit_i_i122_0_not_3_fu_2256_p2    |    xor   |      0|  0|   6|           1|           2|
    |signbit_i_i122_0_not_4_fu_2508_p2    |    xor   |      0|  0|   6|           1|           2|
    |signbit_i_i122_0_not_5_fu_3005_p2    |    xor   |      0|  0|   6|           1|           2|
    |signbit_i_i122_0_not_6_fu_3349_p2    |    xor   |      0|  0|   6|           1|           2|
    |signbit_i_i122_0_not_7_fu_3521_p2    |    xor   |      0|  0|   6|           1|           2|
    |signbit_i_i122_0_not_fu_1712_p2      |    xor   |      0|  0|   6|           1|           2|
    |signbit_i_i_i_i77_0_s_fu_3680_p2     |    xor   |      0|  0|   6|           1|           2|
    |tmp11_fu_2580_p2                     |    xor   |      0|  0|   6|           1|           2|
    |tmp13_fu_3070_p2                     |    xor   |      0|  0|   6|           1|           2|
    |tmp15_fu_3245_p2                     |    xor   |      0|  0|   6|           1|           2|
    |tmp17_fu_3421_p2                     |    xor   |      0|  0|   6|           1|           2|
    |tmp1_fu_1522_p2                      |    xor   |      0|  0|   6|           1|           2|
    |tmp3_fu_1608_p2                      |    xor   |      0|  0|   6|           1|           2|
    |tmp5_fu_1795_p2                      |    xor   |      0|  0|   6|           1|           2|
    |tmp7_fu_2317_p2                      |    xor   |      0|  0|   6|           1|           2|
    |tmp9_fu_2094_p2                      |    xor   |      0|  0|   6|           1|           2|
    |tmp_32_fu_1486_p2                    |    xor   |      0|  0|   6|           1|           2|
    |tmp_33_fu_3662_p2                    |    xor   |      0|  0|   6|           1|           2|
    |tmp_38_fu_3614_p2                    |    xor   |      0|  0|   6|           1|           2|
    |tmp_39_fu_3602_p2                    |    xor   |      0|  0|   6|           1|           2|
    |tmp_61_0_1_fu_1572_p2                |    xor   |      0|  0|   6|           1|           2|
    |tmp_61_0_2_fu_1759_p2                |    xor   |      0|  0|   6|           1|           2|
    |tmp_61_1_1_fu_2050_p2                |    xor   |      0|  0|   6|           1|           2|
    |tmp_61_1_2_fu_2544_p2                |    xor   |      0|  0|   6|           1|           2|
    |tmp_61_1_fu_1963_p2                  |    xor   |      0|  0|   6|           1|           2|
    |tmp_61_2_1_fu_3209_p2                |    xor   |      0|  0|   6|           1|           2|
    |tmp_61_2_2_fu_3385_p2                |    xor   |      0|  0|   6|           1|           2|
    |tmp_61_2_fu_2712_p2                  |    xor   |      0|  0|   6|           1|           2|
    |tmp_64_0_1_fu_1694_p2                |    xor   |      0|  0|   6|           1|           2|
    |tmp_64_0_2_fu_2242_p2                |    xor   |      0|  0|   6|           1|           2|
    |tmp_64_1_1_fu_2490_p2                |    xor   |      0|  0|   6|           1|           2|
    |tmp_64_1_2_fu_2987_p2                |    xor   |      0|  0|   6|           1|           2|
    |tmp_64_1_fu_2402_p2                  |    xor   |      0|  0|   6|           1|           2|
    |tmp_64_2_1_fu_3331_p2                |    xor   |      0|  0|   6|           1|           2|
    |tmp_64_2_2_fu_3503_p2                |    xor   |      0|  0|   6|           1|           2|
    |tmp_64_2_fu_3155_p2                  |    xor   |      0|  0|   6|           1|           2|
    +-------------------------------------+----------+-------+---+----+------------+------------+
    |Total                                |          |      0|  0|3434|        1207|        1615|
    +-------------------------------------+----------+-------+---+----+------------+------------+

    * Multiplexer: 
    +------------------------------------------+----+-----------+-----+-----------+
    |                   Name                   | LUT| Input Size| Bits| Total Bits|
    +------------------------------------------+----+-----------+-----+-----------+
    |ap_NS_fsm                                 |  50|         11|    1|         11|
    |ap_enable_reg_pp0_iter2                   |   9|          2|    1|          2|
    |ap_phi_mux_col_phi_fu_564_p4              |   9|          2|    4|          8|
    |ap_phi_mux_indvar_flatten2_phi_fu_520_p4  |   9|          2|   10|         20|
    |ap_phi_mux_indvar_flatten_phi_fu_542_p4   |   9|          2|    8|         16|
    |ap_phi_mux_ker_phi_fu_531_p4              |   9|          2|    3|          6|
    |ap_phi_mux_row_phi_fu_553_p4              |   9|          2|    4|          8|
    |col2_reg_593                              |   9|          2|    4|          8|
    |col_reg_560                               |   9|          2|    4|          8|
    |grp_fu_604_p0                             |  15|          3|    1|          3|
    |grp_fu_618_p0                             |  15|          3|    1|          3|
    |indvar_flatten2_reg_516                   |   9|          2|   10|         20|
    |indvar_flatten3_reg_571                   |   9|          2|    8|         16|
    |indvar_flatten_reg_538                    |   9|          2|    8|         16|
    |input_0_V_address0                        |  33|          6|   10|         60|
    |input_0_V_address1                        |  27|          5|   10|         50|
    |input_1_V_address0                        |  33|          6|   10|         60|
    |input_1_V_address1                        |  27|          5|   10|         50|
    |ker_reg_527                               |   9|          2|    3|          6|
    |output_0_V_address0                       |  27|          5|   11|         55|
    |output_0_V_d0                             |  33|          6|    8|         48|
    |output_1_V_address0                       |  27|          5|   11|         55|
    |output_1_V_d0                             |  33|          6|    8|         48|
    |p_reg_492                                 |   9|          2|    5|         10|
    |phi_mul_reg_504                           |   9|          2|    8|         16|
    |row1_reg_582                              |   9|          2|    4|          8|
    |row_reg_549                               |   9|          2|    4|          8|
    +------------------------------------------+----+-----------+-----+-----------+
    |Total                                     | 464|         93|  169|        619|
    +------------------------------------------+----+-----------+-----+-----------+

    * Register: 
    +------------------------------------+----+----+-----+-----------+
    |                Name                | FF | LUT| Bits| Const Bits|
    +------------------------------------+----+----+-----+-----------+
    |accumulation_V_0_2_reg_4352         |   8|   0|    8|          0|
    |ap_CS_fsm                           |  10|   0|   10|          0|
    |ap_enable_reg_pp0_iter0             |   1|   0|    1|          0|
    |ap_enable_reg_pp0_iter1             |   1|   0|    1|          0|
    |ap_enable_reg_pp0_iter2             |   1|   0|    1|          0|
    |brmerge17_reg_4570                  |   1|   0|    1|          0|
    |carry_1_0_1_reg_4243                |   1|   0|    1|          0|
    |carry_1_0_2_reg_4286                |   1|   0|    1|          0|
    |carry_1_1_2_reg_4419                |   1|   0|    1|          0|
    |carry_1_1_reg_4378                  |   1|   0|    1|          0|
    |carry_1_2_1_reg_4498                |   1|   0|    1|          0|
    |carry_1_2_2_reg_4526                |   1|   0|    1|          0|
    |carry_1_2_reg_4463                  |   1|   0|    1|          0|
    |carry_1_reg_4205                    |   1|   0|    1|          0|
    |col2_mid2_reg_4582                  |   4|   0|    4|          0|
    |col2_reg_593                        |   4|   0|    4|          0|
    |col_2_reg_4143                      |   4|   0|    4|          0|
    |col_mid2_reg_4010                   |   4|   0|    4|          0|
    |col_reg_560                         |   4|   0|    4|          0|
    |conv_2_weights_V_0_0_2_reg_4043     |   4|   0|    4|          0|
    |conv_2_weights_V_0_1_2_reg_4048     |   3|   0|    3|          0|
    |conv_2_weights_V_0_2_2_reg_4053     |   4|   0|    4|          0|
    |conv_2_weights_V_1_0_2_reg_4058     |   4|   0|    4|          0|
    |conv_2_weights_V_1_1_2_reg_4063     |   4|   0|    4|          0|
    |conv_2_weights_V_1_2_2_reg_4068     |   4|   0|    4|          0|
    |exitcond9_mid_reg_3998              |   1|   0|    1|          0|
    |exitcond_flatten2_reg_3927          |   1|   0|    1|          0|
    |exitcond_flatten_reg_3936           |   1|   0|    1|          0|
    |indvar_flatten2_reg_516             |  10|   0|   10|          0|
    |indvar_flatten3_reg_571             |   8|   0|    8|          0|
    |indvar_flatten_next2_reg_4577       |   8|   0|    8|          0|
    |indvar_flatten_next3_reg_3931       |  10|   0|   10|          0|
    |indvar_flatten_next_reg_4305        |   8|   0|    8|          0|
    |indvar_flatten_op_reg_4033          |   8|   0|    8|          0|
    |indvar_flatten_reg_538              |   8|   0|    8|          0|
    |input_V_load_1_1_phi_reg_4300       |   9|   0|    9|          0|
    |input_V_load_2_1_phi_reg_4433       |   9|   0|    9|          0|
    |ker_reg_527                         |   3|   0|    3|          0|
    |lhs_V_reg_3912                      |   9|   0|    9|          0|
    |newIndex2_reg_4095                  |   3|   0|    3|          0|
    |newIndex2_reg_4095_pp0_iter1_reg    |   3|   0|    3|          0|
    |newIndex3_cast_reg_4102             |   3|   0|   11|          8|
    |newIndex4_reg_4025                  |   3|   0|    3|          0|
    |newIndex5_cast_reg_4118             |   3|   0|   11|          8|
    |newIndex6_reg_4148                  |   3|   0|    3|          0|
    |newIndex7_cast_reg_4154             |   3|   0|   11|          8|
    |next_mul_reg_3884                   |   8|   0|    8|          0|
    |output_0_V_addr_1_reg_4540          |  11|   0|   11|          0|
    |output_0_V_addr_reg_4597            |  11|   0|   11|          0|
    |output_1_V_addr_1_reg_4545          |  11|   0|   11|          0|
    |output_1_V_addr_reg_4602            |  11|   0|   11|          0|
    |overflow_reg_4562                   |   1|   0|    1|          0|
    |p_0523_5_1_1_reg_4438               |   8|   0|    8|          0|
    |p_0523_5_2_1_reg_4550               |   8|   0|    8|          0|
    |p_4_reg_3892                        |   5|   0|    5|          0|
    |p_Val2_19_reg_4199                  |   8|   0|    8|          0|
    |p_Val2_21_cast_reg_3907             |   8|   0|    8|          0|
    |p_Val2_24_0_1_reg_4237              |   8|   0|    8|          0|
    |p_Val2_24_0_2_reg_4280              |   8|   0|    8|          0|
    |p_Val2_24_1_2_reg_4413              |   8|   0|    8|          0|
    |p_Val2_24_1_reg_4372                |   8|   0|    8|          0|
    |p_Val2_24_2_1_reg_4492              |   8|   0|    8|          0|
    |p_Val2_24_2_2_reg_4520              |   8|   0|    8|          0|
    |p_Val2_24_2_reg_4457                |   8|   0|    8|          0|
    |p_Val2_25_1_1_reg_4399              |   8|   0|    8|          0|
    |p_Val2_25_1_2_reg_4444              |   8|   0|    8|          0|
    |p_Val2_25_2_2_reg_4556              |   8|   0|    8|          0|
    |p_reg_492                           |   5|   0|    5|          0|
    |phi_mul_reg_504                     |   8|   0|    8|          0|
    |row1_reg_582                        |   4|   0|    4|          0|
    |row_2_dup_reg_4005                  |   4|   0|    4|          0|
    |row_2_reg_3922                      |   4|   0|    4|          0|
    |row_mid_reg_3943                    |   4|   0|    4|          0|
    |row_reg_549                         |   4|   0|    4|          0|
    |tmp_104_reg_4294                    |   1|   0|    1|          0|
    |tmp_105_reg_4345                    |   1|   0|    1|          0|
    |tmp_106_reg_4358                    |   1|   0|    1|          0|
    |tmp_107_reg_4365                    |   1|   0|    1|          0|
    |tmp_111_reg_4386                    |   1|   0|    1|          0|
    |tmp_121_reg_4405                    |   1|   0|    1|          0|
    |tmp_125_reg_4427                    |   1|   0|    1|          0|
    |tmp_128_reg_4450                    |   1|   0|    1|          0|
    |tmp_132_reg_4471                    |   1|   0|    1|          0|
    |tmp_135_reg_4484                    |   1|   0|    1|          0|
    |tmp_139_reg_4506                    |   1|   0|    1|          0|
    |tmp_142_reg_4512                    |   1|   0|    1|          0|
    |tmp_146_reg_4534                    |   1|   0|    1|          0|
    |tmp_154_reg_4592                    |   1|   0|    1|          0|
    |tmp_24_reg_3917                     |   4|   0|    4|          0|
    |tmp_29_mid2_reg_3957                |   1|   0|    1|          0|
    |tmp_29_reg_3902                     |   7|   0|    8|          1|
    |tmp_30_mid2_v_cast_reg_3961         |  64|   0|   64|          0|
    |tmp_30_reg_4038                     |  64|   0|   64|          0|
    |tmp_31_mid2_v_reg_4587              |   4|   0|    4|          0|
    |tmp_33_mid2_reg_4073                |   4|   0|    4|          0|
    |tmp_33_mid2_reg_4073_pp0_iter1_reg  |   4|   0|    4|          0|
    |tmp_41_1_mid2_reg_4078              |   4|   0|    4|          0|
    |tmp_53_reg_4083                     |  61|   0|   61|          0|
    |tmp_55_reg_4089                     |  11|   0|   11|          0|
    |tmp_58_reg_4170                     |  61|   0|   61|          0|
    |tmp_61_1_reg_4392                   |   1|   0|    1|          0|
    |tmp_61_2_reg_4477                   |   1|   0|    1|          0|
    |tmp_61_reg_4016                     |   1|   0|    1|          0|
    |tmp_67_reg_4186                     |  11|   0|   11|          0|
    |tmp_70_reg_4191                     |   1|   0|    1|          0|
    |tmp_74_reg_4213                     |   1|   0|    1|          0|
    |tmp_82_reg_4229                     |   1|   0|    1|          0|
    |tmp_86_reg_4251                     |   1|   0|    1|          0|
    |tmp_94_reg_4267                     |  11|   0|   11|          0|
    |tmp_96_reg_4272                     |   1|   0|    1|          0|
    |tmp_mid2_reg_3950                   |   3|   0|    3|          0|
    |underflow_4_reg_4566                |   1|   0|    1|          0|
    |exitcond_flatten2_reg_3927          |  64|  32|    1|          0|
    |tmp_29_mid2_reg_3957                |  64|  32|    1|          0|
    |tmp_61_reg_4016                     |  64|  32|    1|          0|
    +------------------------------------+----+----+-----+-----------+
    |Total                               | 919|  96|  755|         25|
    +------------------------------------+----+----+-----+-----------+



================================================================
== Interface
================================================================
* Summary: 
+---------------------+-----+-----+------------+--------------+--------------+
|      RTL Ports      | Dir | Bits|  Protocol  | Source Object|    C Type    |
+---------------------+-----+-----+------------+--------------+--------------+
|ap_clk               |  in |    1| ap_ctrl_hs |  conv_layer2 | return value |
|ap_rst               |  in |    1| ap_ctrl_hs |  conv_layer2 | return value |
|ap_start             |  in |    1| ap_ctrl_hs |  conv_layer2 | return value |
|ap_done              | out |    1| ap_ctrl_hs |  conv_layer2 | return value |
|ap_idle              | out |    1| ap_ctrl_hs |  conv_layer2 | return value |
|ap_ready             | out |    1| ap_ctrl_hs |  conv_layer2 | return value |
|input_0_V_address0   | out |   10|  ap_memory |   input_0_V  |     array    |
|input_0_V_ce0        | out |    1|  ap_memory |   input_0_V  |     array    |
|input_0_V_q0         |  in |    9|  ap_memory |   input_0_V  |     array    |
|input_0_V_address1   | out |   10|  ap_memory |   input_0_V  |     array    |
|input_0_V_ce1        | out |    1|  ap_memory |   input_0_V  |     array    |
|input_0_V_q1         |  in |    9|  ap_memory |   input_0_V  |     array    |
|input_1_V_address0   | out |   10|  ap_memory |   input_1_V  |     array    |
|input_1_V_ce0        | out |    1|  ap_memory |   input_1_V  |     array    |
|input_1_V_q0         |  in |    9|  ap_memory |   input_1_V  |     array    |
|input_1_V_address1   | out |   10|  ap_memory |   input_1_V  |     array    |
|input_1_V_ce1        | out |    1|  ap_memory |   input_1_V  |     array    |
|input_1_V_q1         |  in |    9|  ap_memory |   input_1_V  |     array    |
|output_0_V_address0  | out |   11|  ap_memory |  output_0_V  |     array    |
|output_0_V_ce0       | out |    1|  ap_memory |  output_0_V  |     array    |
|output_0_V_we0       | out |    1|  ap_memory |  output_0_V  |     array    |
|output_0_V_d0        | out |    8|  ap_memory |  output_0_V  |     array    |
|output_0_V_q0        |  in |    8|  ap_memory |  output_0_V  |     array    |
|output_1_V_address0  | out |   11|  ap_memory |  output_1_V  |     array    |
|output_1_V_ce0       | out |    1|  ap_memory |  output_1_V  |     array    |
|output_1_V_we0       | out |    1|  ap_memory |  output_1_V  |     array    |
|output_1_V_d0        | out |    8|  ap_memory |  output_1_V  |     array    |
|output_1_V_q0        |  in |    8|  ap_memory |  output_1_V  |     array    |
+---------------------+-----+-----+------------+--------------+--------------+

