

================================================================
== Vivado HLS Report for 'dense_layer3'
================================================================
* Date:           Fri Apr 17 19:17:03 2020

* Version:        2018.3 (Build 2405991 on Thu Dec 06 23:56:15 MST 2018)
* Project:        ER_lenet
* Solution:       Pipeline_Unroll0
* Product family: kintex7
* Target device:  xc7k160tfbg484-1


================================================================
== Performance Estimates
================================================================
+ Timing (ns): 
    * Summary: 
    +--------+-------+----------+------------+
    |  Clock | Target| Estimated| Uncertainty|
    +--------+-------+----------+------------+
    |ap_clk  |  10.00|     8.737|        1.25|
    +--------+-------+----------+------------+

+ Latency (clock cycles): 
    * Summary: 
    +------+------+------+------+---------+
    |   Latency   |   Interval  | Pipeline|
    |  min |  max |  min |  max |   Type  |
    +------+------+------+------+---------+
    |  1082|  1082|  1082|  1082|   none  |
    +------+------+------+------+---------+

    + Detail: 
        * Instance: 
        N/A

        * Loop: 
        +-----------------------------+-----+-----+----------+-----------+-----------+------+----------+
        |                             |  Latency  | Iteration|  Initiation Interval  | Trip |          |
        |          Loop Name          | min | max |  Latency |  achieved |   target  | Count| Pipelined|
        +-----------------------------+-----+-----+----------+-----------+-----------+------+----------+
        |- dense_layer3_outer_loop    |  880|  880|        88|          -|          -|    10|    no    |
        | + dense_layer3_inner_loop   |   85|   85|         3|          1|          1|    84|    yes   |
        |- dense_layer3_softmax_loop  |  200|  200|        20|          -|          -|    10|    no    |
        +-----------------------------+-----+-----+----------+-----------+-----------+------+----------+



================================================================
== Utilization Estimates
================================================================
* Summary: 
+-----------------+---------+-------+--------+--------+
|       Name      | BRAM_18K| DSP48E|   FF   |   LUT  |
+-----------------+---------+-------+--------+--------+
|DSP              |        -|      -|       -|       -|
|Expression       |        -|      0|       0|     585|
|FIFO             |        -|      -|       -|       -|
|Instance         |        -|      -|     190|     114|
|Memory           |        1|      -|      18|       2|
|Multiplexer      |        -|      -|       -|     234|
|Register         |        -|      -|     125|       -|
+-----------------+---------+-------+--------+--------+
|Total            |        1|      0|     333|     935|
+-----------------+---------+-------+--------+--------+
|Available        |      650|    600|  202800|  101400|
+-----------------+---------+-------+--------+--------+
|Utilization (%)  |    ~0   |      0|   ~0   |   ~0   |
+-----------------+---------+-------+--------+--------+

+ Detail: 
    * Instance: 
    +-----------------------------------------------+-------------------------------------------+---------+-------+-----+-----+
    |                    Instance                   |                   Module                  | BRAM_18K| DSP48E|  FF | LUT |
    +-----------------------------------------------+-------------------------------------------+---------+-------+-----+-----+
    |ActivateNetwork_sdiv_15ns_10s_14_19_seq_1_U44  |ActivateNetwork_sdiv_15ns_10s_14_19_seq_1  |        0|      0|  190|  114|
    +-----------------------------------------------+-------------------------------------------+---------+-------+-----+-----+
    |Total                                          |                                           |        0|      0|  190|  114|
    +-----------------------------------------------+-------------------------------------------+---------+-------+-----+-----+

    * DSP48: 
    N/A

    * Memory: 
    +---------------------+--------------------------------+---------+----+----+------+-----+------+-------------+
    |        Memory       |             Module             | BRAM_18K| FF | LUT| Words| Bits| Banks| W*Bits*Banks|
    +---------------------+--------------------------------+---------+----+----+------+-----+------+-------------+
    |dense_3_weights_V_U  |dense_layer3_dense_3_weights_V  |        1|   0|   0|   840|    4|     1|         3360|
    |temp_V_U             |dense_layer3_temp_V             |        0|  18|   2|    10|    9|     1|           90|
    +---------------------+--------------------------------+---------+----+----+------+-----+------+-------------+
    |Total                |                                |        1|  18|   2|   850|   13|     2|         3450|
    +---------------------+--------------------------------+---------+----+----+------+-----+------+-------------+

    * FIFO: 
    N/A

    * Expression: 
    +--------------------------------+----------+-------+---+----+------------+------------+
    |          Variable Name         | Operation| DSP48E| FF| LUT| Bitwidth P0| Bitwidth P1|
    +--------------------------------+----------+-------+---+----+------------+------------+
    |r_V_fu_293_p2                   |     *    |      0|  0|  32|           4|           7|
    |i_2_fu_260_p2                   |     +    |      0|  0|  15|           7|           1|
    |inner_state_V_fu_433_p2         |     +    |      0|  0|  17|          10|          10|
    |j_1_fu_654_p2                   |     +    |      0|  0|  13|           4|           1|
    |next_mul_fu_228_p2              |     +    |      0|  0|  17|          10|           7|
    |p_1_fu_240_p2                   |     +    |      0|  0|  13|           4|           1|
    |p_Val2_3_fu_525_p2              |     +    |      0|  0|  17|           5|          10|
    |p_Val2_5_cast_fu_531_p2         |     +    |      0|  0|  16|           5|           9|
    |ret_V_2_fu_566_p2               |     +    |      0|  0|  18|          11|          11|
    |ret_V_fu_419_p2                 |     +    |      0|  0|  18|          11|          11|
    |sum_V_fu_580_p2                 |     +    |      0|  0|  17|          10|          10|
    |tmp_15_fu_270_p2                |     +    |      0|  0|  17|          10|          10|
    |brmerge9_demorgan_fu_345_p2     |    and   |      0|  0|   6|           1|           1|
    |overflow_1_fu_730_p2            |    and   |      0|  0|   6|           1|           1|
    |overflow_fu_339_p2              |    and   |      0|  0|   6|           1|           1|
    |underflow_1_fu_754_p2           |    and   |      0|  0|   6|           1|           1|
    |underflow_2_fu_600_p2           |    and   |      0|  0|   6|           1|           1|
    |underflow_3_fu_453_p2           |    and   |      0|  0|   6|           1|           1|
    |underflow_fu_357_p2             |    and   |      0|  0|   6|           1|           1|
    |exitcond1_fu_234_p2             |   icmp   |      0|  0|   9|           4|           4|
    |exitcond2_fu_254_p2             |   icmp   |      0|  0|  11|           7|           7|
    |exitcond_fu_648_p2              |   icmp   |      0|  0|   9|           4|           4|
    |p_not3_fu_742_p2                |   icmp   |      0|  0|   9|           4|           2|
    |p_not_fu_712_p2                 |   icmp   |      0|  0|   9|           4|           1|
    |brmerge11_fu_471_p2             |    or    |      0|  0|   6|           1|           1|
    |brmerge1_fu_363_p2              |    or    |      0|  0|   6|           1|           1|
    |brmerge2_fu_327_p2              |    or    |      0|  0|   6|           1|           1|
    |brmerge3_fu_748_p2              |    or    |      0|  0|   6|           1|           1|
    |brmerge4_fu_760_p2              |    or    |      0|  0|   6|           1|           1|
    |brmerge5_fu_772_p2              |    or    |      0|  0|   6|           1|           1|
    |brmerge6_fu_381_p2              |    or    |      0|  0|   6|           1|           1|
    |brmerge8_fu_618_p2              |    or    |      0|  0|   6|           1|           1|
    |brmerge_fu_718_p2               |    or    |      0|  0|   6|           1|           1|
    |p_1371_not_fu_375_p2            |    or    |      0|  0|   6|           1|           1|
    |inner_state_V_2_fu_513_p3       |  select  |      0|  0|   9|           1|           1|
    |output_V_d0                     |  select  |      0|  0|  10|           1|          10|
    |p_0316_5_fu_640_p3              |  select  |      0|  0|  10|           1|          10|
    |p_0557_2_fu_493_p3              |  select  |      0|  0|  10|           1|          10|
    |p_1_29_fu_632_p3                |  select  |      0|  0|  11|           1|          11|
    |p_2_fu_485_p3                   |  select  |      0|  0|  11|           1|          11|
    |p_7_fu_786_p3                   |  select  |      0|  0|  11|           1|          11|
    |p_Val2_10_fu_403_p3             |  select  |      0|  0|  10|           1|          10|
    |p_mux1_fu_778_p3                |  select  |      0|  0|  10|           1|           9|
    |p_mux3_fu_624_p3                |  select  |      0|  0|  10|           1|           9|
    |p_mux4_fu_477_p3                |  select  |      0|  0|  10|           1|           9|
    |p_mux_fu_387_p3                 |  select  |      0|  0|  10|           1|           9|
    |p_s_fu_395_p3                   |  select  |      0|  0|  11|           1|          11|
    |read_value_V_fu_545_p3          |  select  |      0|  0|   9|           1|           2|
    |ap_enable_pp0                   |    xor   |      0|  0|   6|           1|           2|
    |ap_enable_reg_pp0_iter1         |    xor   |      0|  0|   6|           2|           1|
    |brmerge10_fu_459_p2             |    xor   |      0|  0|   6|           1|           1|
    |brmerge7_fu_606_p2              |    xor   |      0|  0|   6|           1|           1|
    |brmerge9_fu_351_p2              |    xor   |      0|  0|   6|           1|           2|
    |newsignbit_i_i_i_i_fu_736_p2    |    xor   |      0|  0|   6|           1|           2|
    |p_1383_not_fu_766_p2            |    xor   |      0|  0|   6|           1|           2|
    |p_Result_not_fu_369_p2          |    xor   |      0|  0|   6|           1|           2|
    |signbit_i_i145_0_not_fu_465_p2  |    xor   |      0|  0|   6|           1|           2|
    |signbit_i_i_0_not_fu_612_p2     |    xor   |      0|  0|   6|           1|           2|
    |tmp_10_fu_447_p2                |    xor   |      0|  0|   6|           1|           2|
    |tmp_4_fu_594_p2                 |    xor   |      0|  0|   6|           1|           2|
    |tmp_8_fu_724_p2                 |    xor   |      0|  0|   6|           1|           2|
    |tmp_9_fu_333_p2                 |    xor   |      0|  0|   6|           1|           2|
    +--------------------------------+----------+-------+---+----+------------+------------+
    |Total                           |          |      0|  0| 585|         160|         271|
    +--------------------------------+----------+-------+---+----+------------+------------+

    * Multiplexer: 
    +----------------------------+-----+-----------+-----+-----------+
    |            Name            | LUT | Input Size| Bits| Total Bits|
    +----------------------------+-----+-----------+-----+-----------+
    |ap_NS_fsm                   |  117|         25|    1|         25|
    |ap_enable_reg_pp0_iter1     |    9|          2|    1|          2|
    |ap_enable_reg_pp0_iter2     |    9|          2|    1|          2|
    |ap_phi_mux_i_phi_fu_209_p4  |    9|          2|    7|         14|
    |i_reg_205                   |    9|          2|    7|         14|
    |j_reg_217                   |    9|          2|    4|          8|
    |p_Val2_11_reg_193           |    9|          2|   10|         20|
    |p_Val2_4_reg_158            |    9|          2|   10|         20|
    |p_reg_170                   |    9|          2|    4|          8|
    |phi_mul_reg_181             |    9|          2|   10|         20|
    |temp_V_address0             |   21|          4|    4|         16|
    |temp_V_d0                   |   15|          3|    9|         27|
    +----------------------------+-----+-----------+-----+-----------+
    |Total                       |  234|         50|   68|        176|
    +----------------------------+-----+-----------+-----+-----------+

    * Register: 
    +---------------------------------+----+----+-----+-----------+
    |               Name              | FF | LUT| Bits| Const Bits|
    +---------------------------------+----+----+-----+-----------+
    |ap_CS_fsm                        |  24|   0|   24|          0|
    |ap_enable_reg_pp0_iter0          |   1|   0|    1|          0|
    |ap_enable_reg_pp0_iter1          |   1|   0|    1|          0|
    |ap_enable_reg_pp0_iter2          |   1|   0|    1|          0|
    |dense_3_weights_V_lo_reg_846     |   4|   0|    4|          0|
    |exitcond2_reg_827                |   1|   0|    1|          0|
    |exitcond2_reg_827_pp0_iter1_reg  |   1|   0|    1|          0|
    |i_2_reg_831                      |   7|   0|    7|          0|
    |i_reg_205                        |   7|   0|    7|          0|
    |j_1_reg_864                      |   4|   0|    4|          0|
    |j_reg_217                        |   4|   0|    4|          0|
    |next_mul_reg_803                 |  10|   0|   10|          0|
    |p_1_reg_812                      |   4|   0|    4|          0|
    |p_Val2_11_reg_193                |  10|   0|   10|          0|
    |p_Val2_4_reg_158                 |  10|   0|   10|          0|
    |p_reg_170                        |   4|   0|    4|          0|
    |phi_mul_reg_181                  |  10|   0|   10|          0|
    |tmp_1_reg_869                    |   4|   0|   64|         60|
    |tmp_s_reg_817                    |   4|   0|   64|         60|
    |tmp_tr_cast_reg_822              |  14|   0|   14|          0|
    +---------------------------------+----+----+-----+-----------+
    |Total                            | 125|   0|  245|        120|
    +---------------------------------+----+----+-----+-----------+



================================================================
== Interface
================================================================
* Summary: 
+-------------------+-----+-----+------------+--------------+--------------+
|     RTL Ports     | Dir | Bits|  Protocol  | Source Object|    C Type    |
+-------------------+-----+-----+------------+--------------+--------------+
|ap_clk             |  in |    1| ap_ctrl_hs | dense_layer3 | return value |
|ap_rst             |  in |    1| ap_ctrl_hs | dense_layer3 | return value |
|ap_start           |  in |    1| ap_ctrl_hs | dense_layer3 | return value |
|ap_done            | out |    1| ap_ctrl_hs | dense_layer3 | return value |
|ap_idle            | out |    1| ap_ctrl_hs | dense_layer3 | return value |
|ap_ready           | out |    1| ap_ctrl_hs | dense_layer3 | return value |
|input_V_address0   | out |    7|  ap_memory |    input_V   |     array    |
|input_V_ce0        | out |    1|  ap_memory |    input_V   |     array    |
|input_V_q0         |  in |    7|  ap_memory |    input_V   |     array    |
|output_V_address0  | out |    4|  ap_memory |   output_V   |     array    |
|output_V_ce0       | out |    1|  ap_memory |   output_V   |     array    |
|output_V_we0       | out |    1|  ap_memory |   output_V   |     array    |
|output_V_d0        | out |   10|  ap_memory |   output_V   |     array    |
+-------------------+-----+-----+------------+--------------+--------------+

