

================================================================
== Vivado HLS Report for 'dense_layer3'
================================================================
* Date:           Mon Apr 13 18:57:17 2020

* Version:        2018.3 (Build 2405991 on Thu Dec 06 23:56:15 MST 2018)
* Project:        ER_lenet
* Solution:       default
* Product family: kintex7
* Target device:  xc7k160tfbg484-1


================================================================
== Performance Estimates
================================================================
+ Timing (ns): 
    * Summary: 
    +--------+-------+----------+------------+
    |  Clock | Target| Estimated| Uncertainty|
    +--------+-------+----------+------------+
    |ap_clk  |  10.00|     8.728|        1.25|
    +--------+-------+----------+------------+

+ Latency (clock cycles): 
    * Summary: 
    +------+------+------+------+---------+
    |   Latency   |   Interval  | Pipeline|
    |  min |  max |  min |  max |   Type  |
    +------+------+------+------+---------+
    |  2742|  2742|  2742|  2742|   none  |
    +------+------+------+------+---------+

    + Detail: 
        * Instance: 
        N/A

        * Loop: 
        +-----------------------------+------+------+----------+-----------+-----------+------+----------+
        |                             |   Latency   | Iteration|  Initiation Interval  | Trip |          |
        |          Loop Name          |  min |  max |  Latency |  achieved |   target  | Count| Pipelined|
        +-----------------------------+------+------+----------+-----------+-----------+------+----------+
        |- dense_layer3_outer_loop    |  2540|  2540|       254|          -|          -|    10|    no    |
        | + dense_layer3_inner_loop   |   252|   252|         3|          -|          -|    84|    no    |
        |- dense_layer3_softmax_loop  |   200|   200|        20|          -|          -|    10|    no    |
        +-----------------------------+------+------+----------+-----------+-----------+------+----------+



================================================================
== Utilization Estimates
================================================================
* Summary: 
+-----------------+---------+-------+--------+--------+
|       Name      | BRAM_18K| DSP48E|   FF   |   LUT  |
+-----------------+---------+-------+--------+--------+
|DSP              |        -|      -|       -|       -|
|Expression       |        -|      0|       0|     573|
|FIFO             |        -|      -|       -|       -|
|Instance         |        -|      -|     190|     114|
|Memory           |        1|      -|      18|       2|
|Multiplexer      |        -|      -|       -|     211|
|Register         |        -|      -|     129|       -|
+-----------------+---------+-------+--------+--------+
|Total            |        1|      0|     337|     900|
+-----------------+---------+-------+--------+--------+
|Available        |      650|    600|  202800|  101400|
+-----------------+---------+-------+--------+--------+
|Utilization (%)  |    ~0   |      0|   ~0   |   ~0   |
+-----------------+---------+-------+--------+--------+

+ Detail: 
    * Instance: 
    +-----------------------------------------------+-------------------------------------------+---------+-------+-----+-----+
    |                    Instance                   |                   Module                  | BRAM_18K| DSP48E|  FF | LUT |
    +-----------------------------------------------+-------------------------------------------+---------+-------+-----+-----+
    |ActivateNetwork_sdiv_15ns_10s_14_19_seq_1_U23  |ActivateNetwork_sdiv_15ns_10s_14_19_seq_1  |        0|      0|  190|  114|
    +-----------------------------------------------+-------------------------------------------+---------+-------+-----+-----+
    |Total                                          |                                           |        0|      0|  190|  114|
    +-----------------------------------------------+-------------------------------------------+---------+-------+-----+-----+

    * DSP48: 
    N/A

    * Memory: 
    +---------------------+--------------------------------+---------+----+----+------+-----+------+-------------+
    |        Memory       |             Module             | BRAM_18K| FF | LUT| Words| Bits| Banks| W*Bits*Banks|
    +---------------------+--------------------------------+---------+----+----+------+-----+------+-------------+
    |dense_3_weights_V_U  |dense_layer3_dense_3_weights_V  |        1|   0|   0|   840|    4|     1|         3360|
    |temp_V_U             |dense_layer3_temp_V             |        0|  18|   2|    10|    9|     1|           90|
    +---------------------+--------------------------------+---------+----+----+------+-----+------+-------------+
    |Total                |                                |        1|  18|   2|   850|   13|     2|         3450|
    +---------------------+--------------------------------+---------+----+----+------+-----+------+-------------+

    * FIFO: 
    N/A

    * Expression: 
    +--------------------------------+----------+-------+---+----+------------+------------+
    |          Variable Name         | Operation| DSP48E| FF| LUT| Bitwidth P0| Bitwidth P1|
    +--------------------------------+----------+-------+---+----+------------+------------+
    |r_V_fu_430_p2                   |     *    |      0|  0|  32|           4|           7|
    |i_2_fu_249_p2                   |     +    |      0|  0|  15|           7|           1|
    |inner_state_V_fu_570_p2         |     +    |      0|  0|  17|          10|          10|
    |j_1_fu_636_p2                   |     +    |      0|  0|  13|           4|           1|
    |next_mul_fu_217_p2              |     +    |      0|  0|  17|          10|           7|
    |p_1_fu_229_p2                   |     +    |      0|  0|  13|           4|           1|
    |p_Val2_3_fu_299_p2              |     +    |      0|  0|  17|           5|          10|
    |p_Val2_5_cast_fu_305_p2         |     +    |      0|  0|  16|           5|           9|
    |ret_V_2_fu_340_p2               |     +    |      0|  0|  18|          11|          11|
    |ret_V_fu_556_p2                 |     +    |      0|  0|  18|          11|          11|
    |sum_V_fu_354_p2                 |     +    |      0|  0|  17|          10|          10|
    |tmp_14_fu_264_p2                |     +    |      0|  0|  17|          10|          10|
    |brmerge9_demorgan_fu_482_p2     |    and   |      0|  0|   6|           1|           1|
    |overflow_1_fu_712_p2            |    and   |      0|  0|   6|           1|           1|
    |overflow_fu_476_p2              |    and   |      0|  0|   6|           1|           1|
    |underflow_1_fu_736_p2           |    and   |      0|  0|   6|           1|           1|
    |underflow_2_fu_374_p2           |    and   |      0|  0|   6|           1|           1|
    |underflow_3_fu_589_p2           |    and   |      0|  0|   6|           1|           1|
    |underflow_fu_494_p2             |    and   |      0|  0|   6|           1|           1|
    |exitcond1_fu_223_p2             |   icmp   |      0|  0|   9|           4|           4|
    |exitcond2_fu_243_p2             |   icmp   |      0|  0|  11|           7|           7|
    |exitcond_fu_630_p2              |   icmp   |      0|  0|   9|           4|           4|
    |p_not3_fu_724_p2                |   icmp   |      0|  0|   9|           4|           2|
    |p_not_fu_694_p2                 |   icmp   |      0|  0|   9|           4|           1|
    |brmerge11_fu_603_p2             |    or    |      0|  0|   6|           1|           1|
    |brmerge1_fu_500_p2              |    or    |      0|  0|   6|           1|           1|
    |brmerge2_fu_464_p2              |    or    |      0|  0|   6|           1|           1|
    |brmerge3_fu_730_p2              |    or    |      0|  0|   6|           1|           1|
    |brmerge4_fu_742_p2              |    or    |      0|  0|   6|           1|           1|
    |brmerge5_fu_754_p2              |    or    |      0|  0|   6|           1|           1|
    |brmerge6_fu_518_p2              |    or    |      0|  0|   6|           1|           1|
    |brmerge8_fu_392_p2              |    or    |      0|  0|   6|           1|           1|
    |brmerge_fu_700_p2               |    or    |      0|  0|   6|           1|           1|
    |p_1371_not_fu_512_p2            |    or    |      0|  0|   6|           1|           1|
    |inner_state_V_2_fu_287_p3       |  select  |      0|  0|   9|           1|           1|
    |output_V_d0                     |  select  |      0|  0|  10|           1|          10|
    |p_0316_5_fu_414_p3              |  select  |      0|  0|  10|           1|          10|
    |p_0557_2_fu_622_p3              |  select  |      0|  0|  10|           1|          10|
    |p_1_26_fu_406_p3                |  select  |      0|  0|  11|           1|          11|
    |p_2_fu_615_p3                   |  select  |      0|  0|  11|           1|          11|
    |p_7_fu_768_p3                   |  select  |      0|  0|  11|           1|          11|
    |p_Val2_10_fu_540_p3             |  select  |      0|  0|  10|           1|          10|
    |p_mux1_fu_760_p3                |  select  |      0|  0|  10|           1|           9|
    |p_mux3_fu_398_p3                |  select  |      0|  0|  10|           1|           9|
    |p_mux4_fu_608_p3                |  select  |      0|  0|  10|           1|           9|
    |p_mux_fu_524_p3                 |  select  |      0|  0|  10|           1|           9|
    |p_s_fu_532_p3                   |  select  |      0|  0|  11|           1|          11|
    |read_value_V_fu_319_p3          |  select  |      0|  0|   9|           1|           2|
    |brmerge10_fu_594_p2             |    xor   |      0|  0|   6|           1|           1|
    |brmerge7_fu_380_p2              |    xor   |      0|  0|   6|           1|           1|
    |brmerge9_fu_488_p2              |    xor   |      0|  0|   6|           1|           2|
    |newsignbit_i_i_i_i_fu_718_p2    |    xor   |      0|  0|   6|           1|           2|
    |p_1383_not_fu_748_p2            |    xor   |      0|  0|   6|           1|           2|
    |p_Result_not_fu_506_p2          |    xor   |      0|  0|   6|           1|           2|
    |signbit_i_i145_0_not_fu_598_p2  |    xor   |      0|  0|   6|           1|           2|
    |signbit_i_i_0_not_fu_386_p2     |    xor   |      0|  0|   6|           1|           2|
    |tmp_2_fu_584_p2                 |    xor   |      0|  0|   6|           1|           2|
    |tmp_4_fu_368_p2                 |    xor   |      0|  0|   6|           1|           2|
    |tmp_8_fu_706_p2                 |    xor   |      0|  0|   6|           1|           2|
    |tmp_9_fu_470_p2                 |    xor   |      0|  0|   6|           1|           2|
    +--------------------------------+----------+-------+---+----+------------+------------+
    |Total                           |          |      0|  0| 573|         157|         268|
    +--------------------------------+----------+-------+---+----+------------+------------+

    * Multiplexer: 
    +-------------------+-----+-----------+-----+-----------+
    |        Name       | LUT | Input Size| Bits| Total Bits|
    +-------------------+-----+-----------+-----+-----------+
    |ap_NS_fsm          |  121|         26|    1|         26|
    |i_reg_195          |    9|          2|    7|         14|
    |j_reg_206          |    9|          2|    4|          8|
    |p_Val2_11_reg_183  |    9|          2|   10|         20|
    |p_Val2_4_reg_148   |    9|          2|   10|         20|
    |p_reg_160          |    9|          2|    4|          8|
    |phi_mul_reg_171    |    9|          2|   10|         20|
    |temp_V_address0    |   21|          4|    4|         16|
    |temp_V_d0          |   15|          3|    9|         27|
    +-------------------+-----+-----------+-----+-----------+
    |Total              |  211|         45|   59|        159|
    +-------------------+-----+-----------+-----+-----------+

    * Register: 
    +-----------------------+----+----+-----+-----------+
    |          Name         | FF | LUT| Bits| Const Bits|
    +-----------------------+----+----+-----+-----------+
    |ap_CS_fsm              |  25|   0|   25|          0|
    |i_2_reg_811            |   7|   0|    7|          0|
    |i_reg_195              |   7|   0|    7|          0|
    |inner_state_V_reg_838  |  10|   0|   10|          0|
    |j_1_reg_859            |   4|   0|    4|          0|
    |j_reg_206              |   4|   0|    4|          0|
    |next_mul_reg_785       |  10|   0|   10|          0|
    |p_1_reg_793            |   4|   0|    4|          0|
    |p_Result_2_reg_831     |   1|   0|    1|          0|
    |p_Result_3_reg_844     |   1|   0|    1|          0|
    |p_Val2_11_reg_183      |  10|   0|   10|          0|
    |p_Val2_4_reg_148       |  10|   0|   10|          0|
    |p_reg_160              |   4|   0|    4|          0|
    |phi_mul_reg_171        |  10|   0|   10|          0|
    |tmp_1_reg_864          |   4|   0|   64|         60|
    |tmp_s_reg_798          |   4|   0|   64|         60|
    |tmp_tr_cast_reg_803    |  14|   0|   14|          0|
    +-----------------------+----+----+-----+-----------+
    |Total                  | 129|   0|  249|        120|
    +-----------------------+----+----+-----+-----------+



================================================================
== Interface
================================================================
* Summary: 
+-------------------+-----+-----+------------+--------------+--------------+
|     RTL Ports     | Dir | Bits|  Protocol  | Source Object|    C Type    |
+-------------------+-----+-----+------------+--------------+--------------+
|ap_clk             |  in |    1| ap_ctrl_hs | dense_layer3 | return value |
|ap_rst             |  in |    1| ap_ctrl_hs | dense_layer3 | return value |
|ap_start           |  in |    1| ap_ctrl_hs | dense_layer3 | return value |
|ap_done            | out |    1| ap_ctrl_hs | dense_layer3 | return value |
|ap_idle            | out |    1| ap_ctrl_hs | dense_layer3 | return value |
|ap_ready           | out |    1| ap_ctrl_hs | dense_layer3 | return value |
|input_V_address0   | out |    7|  ap_memory |    input_V   |     array    |
|input_V_ce0        | out |    1|  ap_memory |    input_V   |     array    |
|input_V_q0         |  in |    7|  ap_memory |    input_V   |     array    |
|output_V_address0  | out |    4|  ap_memory |   output_V   |     array    |
|output_V_ce0       | out |    1|  ap_memory |   output_V   |     array    |
|output_V_we0       | out |    1|  ap_memory |   output_V   |     array    |
|output_V_d0        | out |   10|  ap_memory |   output_V   |     array    |
+-------------------+-----+-----+------------+--------------+--------------+

